=== Image optimisations ===

=== Misc ===
Maps and Asset Bundles Count: 2
Maps and Asset Bundles Data Size: 24
Actor Count: 4
Actor Data Size: 1200
Block Count: 4
Block Data Size: 208
Anim5 Count: 1
Anim5 Data Size: 4
Sound Count: 1
Sound Data Size: 32
Teleporter Count: 1
Teleporter Data Size: 8
Animations Count: 18
Animations Data Size: 288
AnimationFrame Count: 19
AnimationFrame Data Size: 304
ImageFrames: 19
ImageFrame Data Size: 1216

=== Cartridge section PANL (size 535708) ===
Panel scorpion_eng_splashscreen Original size 37090 Crunched size 3292
Panel loading Original size 36074 Crunched size 0
Panel logo Original size 6274 Crunched size 0
Panel status Original size 7906 Crunched size 0

=== Cartridge section MPHD (size 2488) ===
Header data for map imported map Original size 9780 Crunched size 242

=== Cartridge section MPDT (size 86468) ===
Tile data for map imported map Original size 58348 Crunched size 8640

=== Cartridge section MPBG (size 988) ===
Background for map imported map Original size 2672 Crunched size 92

=== Cartridge section MPPX (size 68) ===
Parallax for map imported map Original size 0 Crunched size 0

=== Cartridge section ASBD (size 41888) ===
Asset bundle 0 (Core project asset bundle) Original size 2840 Crunched size 982
Asset bundle 1 (imported map) Original size 20000 Crunched size 3194

=== Cartridge section PROJ (size 11948) ===
Project Header Original size 4040 Crunched size 1188

=== Cartridge section PDAT (size 6628) ===
Project Data Original size 3284 Crunched size 656

=== Cartridge section VMCB (size 17788) ===
Project virtual machine (codeblocks) Original size 6504 Crunched size 1772

=== Cartridge section VMRD (size 108) ===
Project virtual machine redirects Original size 4 Crunched size 4
