=== Image optimisations ===
Reduce width of Anim\RoadMarkings_00x02.png by 2 pixels to 16 to improve blit performance by 200.00%
Reduce width of Anim\RoadMarkings_00x03.png by 12 pixels to 16 to improve blit performance by 200.00%
Reduce width of Anim\RoadMarkings_00x04.png by 10 pixels to 32 to improve blit performance by 100.00%
Reduce width of Anim\RoadMarkings_00x05.png by 8 pixels to 64 to improve blit performance by 100.00%
Reduce width of Anim\RoadMarkings_00x07.png by 12 pixels to 224 to improve blit performance by 100.00%
Reduce width of Anim\RoadMarkingsHiRes_00x03.png by 6 pixels to 16 to improve blit performance by 200.00%
Reduce width of Anim\RoadMarkingsHiRes_00x04.png by 14 pixels to 16 to improve blit performance by 200.00%
Reduce width of Anim\RoadMarkingsHiRes_00x05.png by 8 pixels to 64 to improve blit performance by 100.00%
Reduce width of Anim\RoadMarkingsHiRes_00x07.png by 12 pixels to 224 to improve blit performance by 100.00%

=== Misc ===
Actor Count: 2
Actor Data Size: 592
Block Count: 1
Block Data Size: 52
Anim5 Count: 1
Anim5 Data Size: 4
Sound Count: 1
Sound Data Size: 32
Teleporter Count: 1
Teleporter Data Size: 8
Animations Count: 3
Animations Data Size: 48
AnimationFrame Count: 123
AnimationFrame Data Size: 1968
ImageFrames: BlitzTool.BlitzWord
ImageFrame Data Size: 7872
Crunching Panel scorpion_eng_splashscreen as 0.img. Original size: 37106. Crunched size: 3308
Saving Project virtual machine (codeblocks) as project.vm. Original size: 5284
Saving Header data for map imported map as 1.mhd. Original size: 9788
Saving Data for map imported map as 1.map. Original size: 2124
Saving Background for map imported map as 1.bg. Original size: 2672
Saving Asset bundle 0 as 0.gfx. Original size: 3824
Saving Asset bundle 1 as 1.gfx. Original size: 64
Saving Project data as project.dat. Original size: 10576
Saving Scorpion header as project.hd. Original size: 4036

Estimated memory usages:

For chip:
Map gfx (Panel: scorpion_eng_splashscreen): 37106
Music memory: 0
BP Buffer memory: 61440
core sfx/gfx memory: 3824
Parallax memory: 0

For other:
Map cache memory: 0
Map header cache memory: 0
Map data memory: 2124
Map background memory: 2672
EXE memory: 199384
vm memory: 5284
project memory: 10576

Accounted memory chip: 102370
Accounted memory other: 220040
Accounted memory total: 322410
