=== Image optimisations ===
Reduce width of Anims\Oscar_Crouch_00x00.png by 13 pixels to 16 to improve blit performance by 200.00%
Reduce width of Anims\Oscar_Crouch_00x00.png by 13 pixels to 16 to improve blit performance by 200.00%
Reduce width of Anims\Oscar_Idle_00x00.png by 10 pixels to 16 to improve blit performance by 200.00%
Reduce width of Anims\Oscar_Idle_00x00.png by 10 pixels to 16 to improve blit performance by 200.00%
Reduce width of Anims\Oscar_Jump_00x00.png by 10 pixels to 16 to improve blit performance by 200.00%
Reduce width of Anims\Oscar_Jump_00x00.png by 10 pixels to 16 to improve blit performance by 200.00%
Reduce width of Anims\Oscar_WalkRight_00x00.png by 10 pixels to 16 to improve blit performance by 200.00%
Reduce width of Anims\Oscar_WalkRight_01x00.png by 10 pixels to 16 to improve blit performance by 200.00%
Reduce width of Anims\Oscar_WalkRight_02x00.png by 10 pixels to 16 to improve blit performance by 200.00%
Reduce width of Anims\Oscar_WalkRight_03x00.png by 11 pixels to 16 to improve blit performance by 200.00%
Reduce width of Anims\Oscar_WalkRight_04x00.png by 10 pixels to 16 to improve blit performance by 200.00%
Reduce width of Anims\Oscar_WalkRight_05x00.png by 10 pixels to 16 to improve blit performance by 200.00%
Reduce width of Anims\Oscar_WalkRight_06x00.png by 10 pixels to 16 to improve blit performance by 200.00%
Reduce width of Anims\Oscar_WalkRight_07x00.png by 11 pixels to 16 to improve blit performance by 200.00%
Reduce width of Anims\Oscar_WalkRight_00x00.png by 10 pixels to 16 to improve blit performance by 200.00%
Reduce width of Anims\Oscar_WalkRight_01x00.png by 10 pixels to 16 to improve blit performance by 200.00%
Reduce width of Anims\Oscar_WalkRight_02x00.png by 10 pixels to 16 to improve blit performance by 200.00%
Reduce width of Anims\Oscar_WalkRight_03x00.png by 11 pixels to 16 to improve blit performance by 200.00%
Reduce width of Anims\Oscar_WalkRight_04x00.png by 10 pixels to 16 to improve blit performance by 200.00%
Reduce width of Anims\Oscar_WalkRight_05x00.png by 10 pixels to 16 to improve blit performance by 200.00%
Reduce width of Anims\Oscar_WalkRight_06x00.png by 10 pixels to 16 to improve blit performance by 200.00%
Reduce width of Anims\Oscar_WalkRight_07x00.png by 11 pixels to 16 to improve blit performance by 200.00%
Reduce width of Anims\StatusBar_00x00.png by 14 pixels to 192 to improve blit performance by 100.00%

=== Misc ===
Actor Count: 4
Actor Data Size: 1184
Block Count: 2
Block Data Size: 104
Anim5 Count: 1
Anim5 Data Size: 4
Sound Count: 1
Sound Data Size: 32
Teleporter Count: 1
Teleporter Data Size: 8
Animations Count: 11
Animations Data Size: 176
AnimationFrame Count: 26
AnimationFrame Data Size: 416
ImageFrames: BlitzTool.BlitzWord
ImageFrame Data Size: 1664
Crunching Panel scorpion_eng_splashscreen as 0.img. Original size: 37106. Crunched size: 3308
Saving Project virtual machine (codeblocks) as project.vm. Original size: 5522
Saving Header data for map oscar_lvl_01 as 1.mhd. Original size: 9788
Saving Data for map oscar_lvl_01 as 1.map. Original size: 26828
Saving Background for map oscar_lvl_01 as 1.bg. Original size: 2672
Saving Asset bundle 0 as 0.gfx. Original size: 30840
Saving Asset bundle 1 as 1.gfx. Original size: 73920
Saving Project data as project.dat. Original size: 3588
Saving Scorpion header as project.hd. Original size: 4036

Estimated memory usages:

For chip:
Map gfx (level gfx bundle 1 ): 73920
Music memory: 0
BP Buffer memory: 118000
core sfx/gfx memory: 30840
Parallax memory: 0

For other:
Map cache memory: 0
Map header cache memory: 0
Map data memory: 26828
Map background memory: 2672
EXE memory: 196340
vm memory: 5522
project memory: 3588

Accounted memory chip: 222760
Accounted memory other: 234950
Accounted memory total: 457710
