=== Image optimisations ===

=== Estimated memory usages ===

For chip:
Map gfx (Panel: scorpion_eng_splashscreen): 35154
Music memory (space_synthetik): 25000
BP Buffer memory: 60000
core sfx/gfx memory: 33402
Parallax memory: 0
OS/other estimated: 99328

For other:
Map cache memory: 0
Map header cache memory: 0
Map data memory: 1356
Map background memory: 1432
EXE memory: 210016
vm memory: 8720
project memory: 5256
memory reserved for active actors on screen (128): 18952
memory reserved for dormant actors in map (256): 9216
OS/other estimated: 105472

Accounted memory chip: 358356
Accounted memory other: 254948
Accounted memory total: 613304

=== Misc ===
Maps and Asset Bundles Count: 2
Maps and Asset Bundles Data Size: 24
Actor Count: 14
Actor Data Size: 2632
Block Count: 1
Block Data Size: 68
Anim5 Count: 0
Anim5 Data Size: 0
Sound Count: 1
Sound Data Size: 28
Teleporter Count: 1
Teleporter Data Size: 8
Animations Count: 17
Animations Data Size: 272
AnimationFrame Count: 36
AnimationFrame Data Size: 576
ImageFrames: 28
ImageFrame Data Size: 1232
Sprites: 2
Sprites Data Size: 28
Attack Data: 5
Attack Data Size: 330
Misc data size: 44
Music file a_space_journey Original size 16966 Crunched size 16966
Music file space_save Original size 6808 Crunched size 6808
Music file space_synthetik Original size 25000 Crunched size 25000
Panel scorpion_eng_splashscreen Original size 35154 Crunched size 3258
Header data for map invaders Original size 7996 Crunched size 7996
Tile data for map invaders (mem restrictions:No_Blocks) Original size 1356 Crunched size 1356
Background for map invaders Original size 1432 Crunched size 1432
Asset bundle 0 (Core project asset bundle) Original size 33402 Crunched size 33402
Asset bundle 1 (invaders) Original size 672 Crunched size 672
Project Header Original size 4036 Crunched size 4036
Project Data Original size 5256 Crunched size 5256
Project virtual machine (codeblocks) Original size 8720 Crunched size 8720
Project virtual machine redirects Original size 4 Crunched size 4

=== Possibly unused animations ===
player_sheild_center

=== Possibly unused Actors ===
bg
enemy_bullet_01
enemy_bullet_02
enemy_bullet_03
player
sheild
type_1
type_2
type_3

=== Codeblocks by compiled size ===
load_level: 996
set_yresolution: 448
do_teleport: 382
flipscreen_smooth: 330 (Unused?)
pre_startup: 292
flipxymove: 282 (Unused?)
00_main_loop: 266
00_handler_player: 264
pause: 252 (Unused?)
!startup: 204
snap_to_screen: 182 (Unused?)
flipymove: 162 (Unused?)
flipxmove: 146 (Unused?)
load_panel: 146
pre_quit: 146
destroy_all_blocks: 124 (Unused?)
load_music: 118 (Unused?)
pre_load_level: 118
unload_level: 114
00_bullet_invader: 110
00_player_fire: 110
00_destroy_invader: 108
00_bullet_player: 102
00_move_left: 98
load_panel_bottom: 96 (Unused?)
load_panel_top: 96 (Unused?)
waitforfireup: 94
00_handler_invader: 94 (Unused?)
00_move_right: 94
unload_panel: 92
waitforfiredown: 90
pre_anim5: 86 (Unused?)
waitforfirehit: 86
wrap_screen_bottom: 86 (Unused?)
wrap_screen_right: 86 (Unused?)
fadeout: 84
wrap_screen_left: 82 (Unused?)
wrap_screen_top: 82 (Unused?)
flipscreen: 78 (Unused?)
waitforframes: 78
quit: 66 (Unused?)
jump_actor: 62 (Unused?)
unload_panel_bottom: 62
unload_panel_top: 62
destroy_all_actors: 60 (Unused?)
00_destroy_invader_bullet: 60
00_destroy_player_bullet: 60 (Unused?)
00_move_down: 60
fadein: 58
load_panel_finish: 56
destroy_actor: 54
00_destroy_projectile: 54
load_music_finish: 52
regenerate_screen: 52
return: 52 (Unused?)
destroy_block: 48 (Unused?)
regenerate_screen_wait: 42
00_count_invaders: 38 (Unused?)
vm_registers: 26 (Unused?)
vm_constants: 26 (Unused?)
debug_breakpoint: 26 (Unused?)
vm_constants_controlbits: 26 (Unused?)
vm_constants_notes: 26 (Unused?)
vm_constants_platform: 26 (Unused?)
vm_constants_tile_properties: 26 (Unused?)
startup: 26 (Unused?)
