=== Image optimisations ===
Reduce width of Anims\Invader_Background_00x00.png by 32 pixels to 192 to reduce sprites by 2

=== Estimated memory usages ===

For chip:
Map gfx (Panel: scorpion_eng_splashscreen): 35948
Music memory (space_synthetik): 25000
BP Buffer memory: 61440
core sfx/gfx memory: 33402
Parallax memory: 0

For other:
Map cache memory: 0
Map header cache memory: 0
Map data memory: 1352
Map background memory: 2672
EXE memory: 203852
vm memory: 8254
project memory: 5392

Accounted memory chip: 155790
Accounted memory other: 221522
Accounted memory total: 377312

=== Misc ===
Maps and Asset Bundles Count: 2
Maps and Asset Bundles Data Size: 24
Actor Count: 14
Actor Data Size: 2800
Block Count: 1
Block Data Size: 52
Anim5 Count: 0
Anim5 Data Size: 0
Sound Count: 1
Sound Data Size: 24
Teleporter Count: 1
Teleporter Data Size: 8
Animations Count: 17
Animations Data Size: 272
AnimationFrame Count: 36
AnimationFrame Data Size: 576
ImageFrames: 28
ImageFrame Data Size: 1232
Sprites: 2
Sprites Data Size: 28
Attack Data: 5
Attack Data Size: 330
Misc data size: 44
Asset bundle 0 (Core project asset bundle) Original size 33402 Crunched size 15178
Asset bundle 1 (invaders) Original size 672 Crunched size 256
Background for map invaders Original size 2672 Crunched size 92
Music file a_space_journey Original size 16966 Crunched size 10256
Music file space_save Original size 6808 Crunched size 3402
Music file space_synthetik Original size 25000 Crunched size 14058
Tile data for map invaders (mem restrictions:No_Blocks) Original size 1352 Crunched size 244
Header data for map invaders Original size 7996 Crunched size 370
Project Data Original size 5392 Crunched size 1062
Project Header Original size 4032 Crunched size 1188
Panel scorpion_eng_splashscreen Original size 35948 Crunched size 3280
Project virtual machine (codeblocks) Original size 8254 Crunched size 2530
Project virtual machine redirects Original size 4 Crunched size 4

=== Possibly unused Actors ===
bg
enemy_bullet_01
enemy_bullet_02
enemy_bullet_03
player
sheild
type_1
type_2
type_3

=== Codeblocks by compiled size ===
load_level: 1012
set_yresolution: 448
do_teleport: 362
flipscreen_smooth: 346 (Unused?)
flipxymove: 306 (Unused?)
00_main_loop: 272
00_handler_player: 266
pause: 252 (Unused?)
pre_startup: 194
snap_to_screen: 190 (Unused?)
flipymove: 174 (Unused?)
flipxmove: 158 (Unused?)
load_panel: 146
pre_quit: 146
destroy_all_blocks: 124 (Unused?)
!startup: 118
00_bullet_invader: 116
unload_level: 114
00_destroy_invader: 110
00_bullet_player: 108
00_move_right: 100
00_move_left: 98
load_panel_bottom: 96 (Unused?)
load_panel_top: 96 (Unused?)
waitforfireup: 94
00_handler_invader: 94
unload_panel: 92
wrap_screen_bottom: 92 (Unused?)
wrap_screen_right: 92 (Unused?)
waitforfiredown: 90
wrap_screen_left: 88 (Unused?)
wrap_screen_top: 88 (Unused?)
flipscreen: 86 (Unused?)
pre_anim5: 86 (Unused?)
waitforfirehit: 86
fadeout: 84
waitforframes: 78
quit: 66 (Unused?)
00_move_down: 64
destroy_all_actors: 62 (Unused?)
jump_actor: 62 (Unused?)
load_music: 62 (Unused?)
unload_panel_bottom: 62
unload_panel_top: 62
00_destroy_invader_bullet: 60
00_destroy_player_bullet: 60 (Unused?)
fadein: 58
load_panel_finish: 56
destroy_actor: 54
00_destroy_projectile: 54
regenerate_screen: 52
return: 52 (Unused?)
destroy_block: 48 (Unused?)
regenerate_screen_wait: 42
00_count_invaders: 38 (Unused?)
debug_dump: 30 (Unused?)
vm_registers: 26 (Unused?)
vm_constants: 26 (Unused?)
debug_breakpoint: 26 (Unused?)
vm_constants_controlbits: 26 (Unused?)
vm_constants_notes: 26 (Unused?)
vm_constants_tile_properties: 26 (Unused?)
vm_constants_platform: 26 (Unused?)
startup: 26 (Unused?)
