Compiled on 28 November 2025 18:55:19
Version string: SE2025.0.251128.12.51.EX

=== Misc ===
ImageFrames: 17
ImageFrame Data Size: 816
Maps and Asset Bundles Count: 2
Maps and Asset Bundles Data Size: 0
Actor Count: 2
Actor Data Size: 360
Block Count: 13
Block Data Size: 884
Anim5 Count: 0
Anim5 Data Size: 0
Sound Count: 1
Sound Data Size: 28
Teleporter Count: 1
Teleporter Data Size: 8
Animations Count: 2
Animations Data Size: 32
AnimationFrame Count: 18
AnimationFrame Data Size: 288
Sprites: 1
Sprites Data Size: 14
Attack Data: 2
Attack Data Size: 176
Misc data size: 38

=== Cartridge Composition ===
 Header |   Offset | Size     | Crunch    | Detail
   PL02 |      202 |       76 |   Implode | Panel (background color #000)
   PL01 |      278 |     3380 |   Implode | Panel scorpion_eng_splashscreen
   VC00 |     3658 |     2590 |   Implode | Project virtual machine (codeblocks)
   MH01 |     6248 |      212 |   Implode | Header data for map blank
   MD01 |     6460 |      226 |   Implode | Tile data for map blank (mem restrictions:None)
   AB00 |     6686 |     7026 |   Implode | Asset bundle 0 (Core project asset bundle)
   AB01 |    13712 |      320 |  NoCrunch | Asset bundle 1 (blank)
   DB00 |    14032 |        2 |  NoCrunch | Misc Data (paths, hurt boxes etc)
   PH00 |    14034 |     1214 |   Implode | Project Header
   PD00 |    15248 |      690 |   Implode | Project Data
   VR00 |    15938 |        4 |  NoCrunch | Project virtual machine redirects

=== Data Sizes ===
    Size |   Memory | Crunch | Detail
    7026 |    48680 |  (86%) | Asset bundle 0 (Core project asset bundle)
    3380 |    36784 |  (91%) | Panel scorpion_eng_splashscreen
    2590 |     8498 |  (70%) | Project virtual machine (codeblocks)
    1214 |     4376 |  (73%) | Project Header
     690 |     2646 |  (74%) | Project Data
     320 |      320 |        | Asset bundle 1 (blank)
     226 |     2204 |  (90%) | Tile data for map blank (mem restrictions:None)
     212 |      848 |  (75%) | Header data for map blank
      76 |     1296 |  (95%) | Panel (background color #000)
       4 |        4 |        | Project virtual machine redirects
       2 |        2 |        | Misc Data (paths, hurt boxes etc)

=== Accounted Memory Usage ===
(Note that this isn't a full account of memory usage, just the memory we can account for)

For chip:
Map gfx (Panel: scorpion_eng_splashscreen): 36784
Music sample (): 0
BP Buffer memory: 131040
Core sfx/gfx memory: 48680
Parallax memory: 0
OS/other estimated: 99328

For other:
Map data memory: 2204
Map background memory: 1296
EXE memory: 219132
vm memory: 8498
project memory: 2646
Music data (): 0
memory reserved for active actors on screen (81): 12806
memory reserved for dormant actors in map (128): 4608
OS/other estimated: 105472

Accounted memory chip: 315832
Accounted memory other: 356662
Accounted memory total: 672494

=== Possibly unused blocks ===
digit04
digit05
digit06
digit07
digit08
digit09
digit10

=== Codeblocks by compiled size ===
load_level: 664
pre_startup: 500
01_startup: 460
do_teleport: 320
flipscreen_smooth: 310 (Unused?)
flipxymove: 278 (Unused?)
load_next_level: 268 (Unused?)
block_find: 210 (Unused?)
set_yresolution: 202
waitforframes: 194
check_talkpad: 192 (Unused?)
pause: 184
block_count: 178 (Unused?)
flipymove: 162 (Unused?)
snap_to_screen: 162 (Unused?)
pre_quit: 160
flipxmove: 142 (Unused?)
restart_this_level: 136 (Unused?)
load_panel: 134
destroy_all_blocks: 128 (Unused?)
unload_level: 118
fadein: 108
waitforfireup: 106
unload_panel: 102
waitforfiredown: 102
load_panel_bottom: 96 (Unused?)
load_panel_top: 96 (Unused?)
destroy_child_actors: 94 (Unused?)
pre_load_level: 86
waitforfirehit: 86
load_music: 78 (Unused?)
fadeout: 76
load_music_finish: 76
wrap_screen_bottom: 76 (Unused?)
wrap_screen_right: 76 (Unused?)
set_ntsc: 74 (Unused?)
flipscreen: 72 (Unused?)
wrap_screen_left: 72 (Unused?)
wrap_screen_top: 72 (Unused?)
jump_actor: 66 (Unused?)
destroy_all_actors: 60 (Unused?)
quit: 60 (Unused?)
destroy_actor: 58
destroy_block: 52 (Unused?)
return: 52 (Unused?)
load_panel_finish: 50
unload_panel_bottom: 50
unload_panel_top: 50
freeze_actor: 40 (Unused?)
unfreeze_actor: 40 (Unused?)
block_coll_force: 32 (Unused?)
block_coll_passthru: 32
debug_breakpoint: 26 (Unused?)
hardware_amiga: 26 (Unused?)
vm_constants_tile_properties: 26 (Unused?)
