=== Image optimisations ===
Reduce width of Anim\r01_boathouseshadow_00x00.png by 15 pixels to 16 to improve blit performance by 200.00%
Reduce width of Anim\r01_playerspin_07x00.png by 2 pixels to 16 to improve blit performance by 200.00%
Reduce width of Anim\r01_playerspin_01x00.png by 2 pixels to 16 to improve blit performance by 200.00%
Reduce width of Anim\r01_playerspin_01x00.png by 2 pixels to 16 to improve blit performance by 200.00%
Reduce width of Anim\r01_playerspin_02x00.png by 4 pixels to 16 to improve blit performance by 200.00%
Reduce width of Anim\r01_playerspin_03x00.png by 2 pixels to 16 to improve blit performance by 200.00%
Reduce width of Anim\r01_playerspin_05x00.png by 2 pixels to 16 to improve blit performance by 200.00%
Reduce width of Anim\r01_playerspin_06x00.png by 4 pixels to 16 to improve blit performance by 200.00%
Reduce width of Anim\r01_playerspin_07x00.png by 2 pixels to 16 to improve blit performance by 200.00%
Reduce width of Anim\ScoreMockup_00x00.png by 14 pixels to 160 to improve blit performance by 100.00%

=== Estimated memory usages ===

For chip:
Map gfx (level gfx bundle 1): 42400
Music memory (peter_gnu): 78368
BP Buffer memory: 110960
core sfx/gfx memory: 46310
Parallax memory: 0

For other:
Map cache memory: 0
Map header cache memory: 0
Map data memory: 173984
Map background memory: 2672
EXE memory: 202256
vm memory: 14606
project memory: 14016

Accounted memory chip: 278038
Accounted memory other: 407534
Accounted memory total: 685572

=== Misc ===
Maps and Asset Bundles Count: 2
Maps and Asset Bundles Data Size: 24
Actor Count: 28
Actor Data Size: 5264
Block Count: 12
Block Data Size: 624
Anim5 Count: 0
Anim5 Data Size: 0
Sound Count: 1
Sound Data Size: 24
Teleporter Count: 7
Teleporter Data Size: 56
Animations Count: 50
Animations Data Size: 800
AnimationFrame Count: 158
AnimationFrame Data Size: 2528
ImageFrames: 103
ImageFrame Data Size: 4532
Sprites: 1
Sprites Data Size: 14
Attack Data: 2
Attack Data Size: 132
Misc data size: 16
Asset bundle 0 (Core project asset bundle) Original size 46310 Crunched size 11576
Asset bundle 1 (spyhunter) Original size 42400 Crunched size 14916
Background for map spyhunter Original size 2672 Crunched size 92
Music file peter_gnu Original size 78368 Crunched size 56024
Tile data for map spyhunter (mem restrictions:None) Original size 173984 Crunched size 10532
Header data for map spyhunter Original size 7996 Crunched size 294
Project Data Original size 14016 Crunched size 3180
Project Header Original size 4032 Crunched size 1204
Panel scorpion_eng_splashscreen Original size 35934 Crunched size 3268
Panel spyhuntertitle Original size 41054 Crunched size 10288
Panel status Original size 3774 Crunched size 442
Project virtual machine (codeblocks) Original size 14606 Crunched size 3982
Project virtual machine redirects Original size 4 Crunched size 4

=== Possibly unused animations ===
herocarmissle
herocarpulloffleft
heromachgun
truckmissle
truckoil
trucksmoke

=== Possibly unused blocks ===
concrete
toboat
tocar

=== Possibly unused Actors ===
boathouseshadow
enforcerdumb
playerboatdumb
playercarspin
playergun
playergunfire
rotors
truckdropoff

=== Codeblocks by compiled size ===
20_logicenforcer: 1126 (Unused?)
20_logicswitchblade: 1072 (Unused?)
01_autodrive: 932
load_level: 920
01_spawncars: 780
01_herocontrol: 574 (Unused?)
01_vehicleswitch: 468
set_yresolution: 448
do_teleport: 392
flipscreen_smooth: 346 (Unused?)
flipxymove: 306 (Unused?)
01_intro: 292
01_startup: 268
pause: 252 (Unused?)
pre_startup: 194
01_snap_to_screen: 194
snap_to_screen: 190 (Unused?)
01_createrandomdata: 188 (Unused?)
flipymove: 174 (Unused?)
01_herocarcrash: 174
99_riverend: 166
flipxmove: 158 (Unused?)
AUTOGEN_OUTOFSCREEN_01_killactor_01_killactor_01_killactor_01_leavescreen: 154
AUTOGEN_OUTOFSCREEN_01_killactor_01_killactor_01_killactor_01_killactor: 154
load_panel: 146
pre_quit: 146
99_loopstart: 144
01_showscore: 128
99_riverstart: 128
destroy_all_blocks: 124 (Unused?)
pre_load_level: 118
unload_level: 114
01_toggledebug: 106
load_panel_bottom: 96 (Unused?)
load_panel_top: 96
waitforfireup: 94
unload_panel: 92
wrap_screen_bottom: 92 (Unused?)
wrap_screen_right: 92 (Unused?)
waitforfiredown: 90
AUTOGEN_OUTOFSCREEN_01_snap_to_screen_01_snap_to_screen_None_None: 90
wrap_screen_left: 88 (Unused?)
wrap_screen_top: 88 (Unused?)
01_leavescreen: 88
flipscreen: 86 (Unused?)
pre_anim5: 86 (Unused?)
waitforfirehit: 86
fadeout: 84
waitforframes: 78
50_playerbullet: 74 (Unused?)
50_playerlaser: 74
quit: 66 (Unused?)
destroy_all_actors: 62 (Unused?)
jump_actor: 62 (Unused?)
load_music: 62
unload_panel_bottom: 62
unload_panel_top: 62
AUTOGEN_OUTOFSCREEN_None_None_None_01_killactor: 62
fadein: 58
50_switchblades: 58
load_panel_finish: 56
destroy_actor: 54
AUTOGEN_OUTOFSCREEN_None_None_01_killactor_None: 54
01_boathousereset: 54
01_killactor: 54
regenerate_screen: 52
return: 52 (Unused?)
destroy_block: 48 (Unused?)
regenerate_screen_wait: 42
98_explosion01_spawn: 42
98_smoke01_spawn: 42
vm_registers: 26 (Unused?)
vm_constants: 26 (Unused?)
debug_breakpoint: 26 (Unused?)
debug_dump: 26 (Unused?)
vm_constants_controlbits: 26 (Unused?)
vm_constants_notes: 26 (Unused?)
vm_constants_tile_properties: 26 (Unused?)
vm_constants_platform: 26 (Unused?)
00_testcommands: 26 (Unused?)
01_spawncarsnew: 26 (Unused?)
