Compiled on 05 December 2025 18:37:29
Version string: SE2025.0.251204.21.46.EX

=== Misc ===
ImageFrames: 67
ImageFrame Data Size: 3216
Maps and Asset Bundles Count: 2
Maps and Asset Bundles Data Size: 0
Actor Count: 4
Actor Data Size: 720
Block Count: 11
Block Data Size: 748
Anim5 Count: 0
Anim5 Data Size: 0
Sound Count: 1
Sound Data Size: 28
Teleporter Count: 1
Teleporter Data Size: 8
Animations Count: 5
Animations Data Size: 80
AnimationFrame Count: 68
AnimationFrame Data Size: 1088
Sprites: 1
Sprites Data Size: 14
Attack Data: 2
Attack Data Size: 176
Misc data size: 74

=== Cartridge Composition ===
 Header |   Offset | Size     | Crunch    | Detail
   PL03 |      220 |     1296 |  NoCrunch | Panel (background color #FFF)
   PL01 |     1516 |     2474 |       ZX0 | Panel scorpion_eng_splashscreen
   PL02 |     3990 |     1296 |  NoCrunch | Panel (background)level_01_bg
   VC00 |     5286 |     8818 |  NoCrunch | Project virtual machine (codeblocks)
   MH01 |    14104 |      848 |  NoCrunch | Header data for map test_01
   MD01 |    14952 |    50452 |  NoCrunch | Tile data for map test_01 (mem restrictions:None)
   AB00 |    65404 |     6088 |  NoCrunch | Asset bundle 0 (Core project asset bundle)
   AB01 |    71492 |     1536 |  NoCrunch | Asset bundle 1 (test_01)
   DB00 |    73028 |        2 |  NoCrunch | Misc Data (paths, hurt boxes etc)
   PH00 |    73030 |     4376 |  NoCrunch | Project Header
   PD00 |    77406 |     6154 |  NoCrunch | Project Data
   VR00 |    83560 |        4 |  NoCrunch | Project virtual machine redirects

=== Data Sizes ===
    Size |   Memory | Crunch | Detail
   50452 |    50452 |        | Tile data for map test_01 (mem restrictions:None)
    8818 |     8818 |        | Project virtual machine (codeblocks)
    6154 |     6154 |        | Project Data
    6088 |     6088 |        | Asset bundle 0 (Core project asset bundle)
    4376 |     4376 |        | Project Header
    2474 |    36784 |  (94%) | Panel scorpion_eng_splashscreen
    1536 |     1536 |        | Asset bundle 1 (test_01)
    1296 |     1296 |        | Panel (background color #FFF)
    1296 |     1296 |        | Panel (background)level_01_bg
     848 |      848 |        | Header data for map test_01
       4 |        4 |        | Project virtual machine redirects
       2 |        2 |        | Misc Data (paths, hurt boxes etc)

=== Accounted Memory Usage ===
(Note that this isn't a full account of memory usage, just the memory we can account for)

For chip:
Map gfx (Panel: scorpion_eng_splashscreen): 36784
Music sample (): 0
BP Buffer memory: 60000
Core sfx/gfx memory: 6088
Parallax memory: 0
OS/other estimated: 99328

For other:
Map data memory: 50452
Map background memory: 1296
EXE memory: 219724
vm memory: 8818
project memory: 6154
Music data (): 0
memory reserved for active actors on screen (128): 20232
memory reserved for dormant actors in map (128): 4608
OS/other estimated: 105472

Accounted memory chip: 202200
Accounted memory other: 416756
Accounted memory total: 618956

=== Codeblocks by compiled size ===
load_level: 676
pre_startup: 500
do_teleport: 320
flipscreen_smooth: 310 (Unused?)
flipxymove: 278 (Unused?)
load_next_level: 268 (Unused?)
01_startup: 250
block_find: 210 (Unused?)
set_yresolution: 202
waitforframes: 194
check_talkpad: 192 (Unused?)
pause: 184
block_count: 178 (Unused?)
flipymove: 162 (Unused?)
snap_to_screen: 162 (Unused?)
03_update_road: 162
pre_quit: 160
flipxmove: 142 (Unused?)
restart_this_level: 136 (Unused?)
load_panel: 134
destroy_all_blocks: 128 (Unused?)
unload_level: 118
anim_force_left: 108 (Unused?)
anim_force_right: 108 (Unused?)
fadein: 108
waitforfireup: 106
unload_panel: 102
waitforfiredown: 102
load_panel_bottom: 96 (Unused?)
load_panel_top: 96 (Unused?)
destroy_child_actors: 94 (Unused?)
03_setup_road: 94
pre_load_level: 86
waitforfirehit: 86
load_music: 78 (Unused?)
fadeout: 76
load_music_finish: 76
wrap_screen_bottom: 76 (Unused?)
wrap_screen_right: 76 (Unused?)
set_ntsc: 74 (Unused?)
flipscreen: 72 (Unused?)
wrap_screen_left: 72 (Unused?)
wrap_screen_top: 72 (Unused?)
jump_actor: 66 (Unused?)
destroy_all_actors: 60 (Unused?)
quit: 60 (Unused?)
destroy_actor: 58
03_position_step: 56
destroy_block: 52 (Unused?)
return: 52 (Unused?)
load_panel_finish: 50
unload_panel_bottom: 50
unload_panel_top: 50
freeze_actor: 40 (Unused?)
unfreeze_actor: 40 (Unused?)
block_coll_force: 32 (Unused?)
block_coll_passthru: 32
debug_breakpoint: 26 (Unused?)
hardware_amiga: 26 (Unused?)
vm_constants_tile_properties: 26 (Unused?)
