Compiled on 06 November 2025 02:31:04
Version string: SE2025.0.251106.13.23.EX

=== Misc ===
ImageFrames: 6
ImageFrame Data Size: 288
Maps and Asset Bundles Count: 2
Maps and Asset Bundles Data Size: 0
Actor Count: 3
Actor Data Size: 540
Block Count: 11
Block Data Size: 748
Anim5 Count: 0
Anim5 Data Size: 0
Sound Count: 1
Sound Data Size: 28
Teleporter Count: 1
Teleporter Data Size: 8
Animations Count: 4
Animations Data Size: 64
AnimationFrame Count: 7
AnimationFrame Data Size: 112
Sprites: 1
Sprites Data Size: 14
Attack Data: 1
Attack Data Size: 88
Misc data size: 32

=== Cartridge Composition ===
 Header |   Offset | Size     | Crunch    | Detail
   PL03 |      220 |       76 |   Implode | Panel (background color #FFF)
   PL01 |      296 |     3380 |   Implode | Panel scorpion_eng_splashscreen
   PL02 |     3676 |     1296 |  NoCrunch | Panel (background)level_01_bg
   VC00 |     4972 |     8958 |  NoCrunch | Project virtual machine (codeblocks)
   MH01 |    13930 |      848 |  NoCrunch | Header data for map test_01
   MD01 |    14778 |    50444 |  NoCrunch | Tile data for map test_01 (mem restrictions:None)
   AB00 |    65222 |     3884 |  NoCrunch | Asset bundle 0 (Core project asset bundle)
   AB01 |    69106 |     2644 |  NoCrunch | Asset bundle 1 (test_01)
   DB00 |    71750 |        2 |  NoCrunch | Misc Data (paths, hurt boxes etc)
   PH00 |    71752 |     4376 |  NoCrunch | Project Header
   PD00 |    76128 |     1924 |  NoCrunch | Project Data
   VR00 |    78052 |        4 |  NoCrunch | Project virtual machine redirects

=== Data Sizes ===
    Size |   Memory | Crunch | Detail
   50444 |    50444 |        | Tile data for map test_01 (mem restrictions:None)
    8958 |     8958 |        | Project virtual machine (codeblocks)
    4376 |     4376 |        | Project Header
    3884 |     3884 |        | Asset bundle 0 (Core project asset bundle)
    3380 |    36784 |  (91%) | Panel scorpion_eng_splashscreen
    2644 |     2644 |        | Asset bundle 1 (test_01)
    1924 |     1924 |        | Project Data
    1296 |     1296 |        | Panel (background)level_01_bg
     848 |      848 |        | Header data for map test_01
      76 |     1296 |  (95%) | Panel (background color #FFF)
       4 |        4 |        | Project virtual machine redirects
       2 |        2 |        | Misc Data (paths, hurt boxes etc)

=== Accounted Memory Usage ===
(Note that this isn't a full account of memory usage, just the memory we can account for)

For chip:
Map gfx (Panel: scorpion_eng_splashscreen): 36784
Music sample (): 0
BP Buffer memory: 60000
Core sfx/gfx memory: 3884
Parallax memory: 0
OS/other estimated: 99328

For other:
Map data memory: 50444
Map background memory: 1296
EXE memory: 216976
vm memory: 8958
project memory: 1924
Music data (): 0
memory reserved for active actors on screen (32): 5064
memory reserved for dormant actors in map (128): 4608
OS/other estimated: 105472

Accounted memory chip: 199996
Accounted memory other: 394742
Accounted memory total: 594738

=== Codeblocks by compiled size ===
load_level: 664
pre_startup: 500
02_road_setup: 486
do_teleport: 320
flipscreen_smooth: 310 (Unused?)
flipxymove: 278 (Unused?)
load_next_level: 268 (Unused?)
01_startup: 256
block_find: 210 (Unused?)
set_yresolution: 202
waitforframes: 194
check_talkpad: 192 (Unused?)
pause: 184
block_count: 178 (Unused?)
flipymove: 162 (Unused?)
snap_to_screen: 162 (Unused?)
pre_quit: 160
flipxmove: 142 (Unused?)
restart_this_level: 136 (Unused?)
load_panel: 134
destroy_all_blocks: 128 (Unused?)
unload_level: 118
fadein: 108
waitforfireup: 106
unload_panel: 102
waitforfiredown: 102
load_panel_bottom: 96 (Unused?)
load_panel_top: 96 (Unused?)
destroy_child_actors: 94 (Unused?)
02_road_update: 90
pre_load_level: 86
waitforfirehit: 86
load_music: 78 (Unused?)
fadeout: 76
load_music_finish: 76
wrap_screen_bottom: 76 (Unused?)
wrap_screen_right: 76 (Unused?)
set_ntsc: 74 (Unused?)
02_player_handler: 74
flipscreen: 72 (Unused?)
wrap_screen_left: 72 (Unused?)
wrap_screen_top: 72 (Unused?)
jump_actor: 66 (Unused?)
destroy_all_actors: 60 (Unused?)
quit: 60 (Unused?)
destroy_actor: 58
destroy_block: 52 (Unused?)
return: 52 (Unused?)
load_panel_finish: 50
unload_panel_bottom: 50
unload_panel_top: 50
freeze_actor: 40 (Unused?)
unfreeze_actor: 40 (Unused?)
01_position_step: 36
block_coll_force: 32 (Unused?)
block_coll_passthru: 32
debug_breakpoint: 26 (Unused?)
hardware_amiga: 26 (Unused?)
vm_constants_tile_properties: 26 (Unused?)
