Compiled on 06 February 2026 11:28:55
Version string: SE2026.0.260203.18.51.EX

=== Misc ===
ImageFrames: 11
ImageFrame Data Size: 528
Maps and Asset Bundles Count: 3
Maps and Asset Bundles Data Size: 0
Actor Count: 2
Actor Data Size: 360
Block Count: 1
Block Data Size: 68
Anim5 Count: 0
Anim5 Data Size: 0
Sound Count: 1
Sound Data Size: 28
Teleporter Count: 1
Teleporter Data Size: 8
Animations Count: 2
Animations Data Size: 32
AnimationFrame Count: 12
AnimationFrame Data Size: 192
Sprites: 1
Sprites Data Size: 14
Attack Data: 2
Attack Data Size: 176
Misc data size: 38

=== Cartridge Composition ===
 Header |   Offset | Size     | Crunch    | Detail
   PL02 |      256 |     1816 |  NoCrunch | Panel (background color #000)
   PL01 |     2072 |     2474 |       ZX0 | Panel scorpion_eng_splashscreen
   VC00 |     4546 |     9752 |  NoCrunch | Project virtual machine (codeblocks)
   MH01 |    14298 |      848 |  NoCrunch | Header data for map blank
   MD01 |    15146 |     1808 |  NoCrunch | Tile data for map blank (mem restrictions:No_Blocks)
   MH02 |    16954 |      848 |  NoCrunch | Header data for map commando_map_all
   MD02 |    17802 |   119792 |  NoCrunch | Tile data for map commando_map_all (mem restrictions:No_Blocks)
   AB00 |   137594 |     2400 |  NoCrunch | Asset bundle 0 (Core project asset bundle)
   AB01 |   139994 |      320 |  NoCrunch | Asset bundle 1 (blank)
   AB02 |   140314 |   229120 |  NoCrunch | Asset bundle 2 (commando_map_all)
   DB00 |   369434 |        2 |  NoCrunch | Misc Data (paths, hurt boxes etc)
   PH00 |   369436 |     4376 |  NoCrunch | Project Header
   PD00 |   373812 |     1446 |  NoCrunch | Project Data
   VR00 |   375258 |        4 |  NoCrunch | Project virtual machine redirects

=== Data Sizes ===
    Size |   Memory | Crunch | Detail
  229120 |   229120 |        | Asset bundle 2 (commando_map_all)
  119792 |   119792 |        | Tile data for map commando_map_all (mem restrictions:No_Blocks)
    9752 |     9752 |        | Project virtual machine (codeblocks)
    4376 |     4376 |        | Project Header
    2474 |    36784 |  (94%) | Panel scorpion_eng_splashscreen
    2400 |     2400 |        | Asset bundle 0 (Core project asset bundle)
    1816 |     1816 |        | Panel (background color #000)
    1808 |     1808 |        | Tile data for map blank (mem restrictions:No_Blocks)
    1446 |     1446 |        | Project Data
     848 |      848 |        | Header data for map blank
     848 |      848 |        | Header data for map commando_map_all
     320 |      320 |        | Asset bundle 1 (blank)
       4 |        4 |        | Project virtual machine redirects
       2 |        2 |        | Misc Data (paths, hurt boxes etc)

=== Accounted Memory Usage ===
(Note that this isn't a full account of memory usage, just the memory we can account for)

For chip:
Map gfx (level gfx bundle 2): 229120
Music sample (): 0
BP Buffer memory: 106200
Core sfx/gfx memory: 2400
Parallax memory: 0
OS/other estimated: 99328

For other:
Map data memory: 119792
Map background memory: 1816
EXE memory: 221356
vm memory: 9752
project memory: 1446
Music data (): 0
memory reserved for active actors on screen (32): 5064
memory reserved for dormant actors in map (128): 4608
OS/other estimated: 105472

Accounted memory chip: 437048
Accounted memory other: 469306
Accounted memory total: 906354

=== Codeblocks by compiled size ===
load_level: 682
pre_startup: 500
01_startup: 476
02_update_score: 458
do_teleport: 320
flipscreen_smooth: 310 (Unused?)
freemem: 296
flipxymove: 278 (Unused?)
load_next_level: 268 (Unused?)
block_find: 210 (Unused?)
set_yresolution: 202
waitforframes: 194
check_talkpad: 192 (Unused?)
pause: 184
block_count: 178 (Unused?)
flipymove: 162 (Unused?)
snap_to_screen: 162 (Unused?)
pre_quit: 160
flipxmove: 142 (Unused?)
restart_this_level: 136 (Unused?)
load_panel: 134
stop_sfx: 130
destroy_all_blocks: 128 (Unused?)
unload_level: 118
anim_force_left: 108 (Unused?)
anim_force_right: 108 (Unused?)
fadein: 108
waitforfireup: 106
unload_panel: 102
waitforfiredown: 102
load_panel_bottom: 96
load_panel_top: 96
destroy_child_actors: 94 (Unused?)
pre_load_level: 86
waitforfirehit: 86
02_random_score: 80
load_music: 78
fadeout: 76
load_music_finish: 76
wrap_screen_bottom: 76 (Unused?)
wrap_screen_right: 76 (Unused?)
set_ntsc: 74 (Unused?)
flipscreen: 72 (Unused?)
wrap_screen_left: 72 (Unused?)
wrap_screen_top: 72 (Unused?)
jump_actor: 66 (Unused?)
destroy_all_actors: 60 (Unused?)
quit: 60 (Unused?)
destroy_actor: 58
freemem_hard: 54 (Unused?)
destroy_block: 52 (Unused?)
return: 52 (Unused?)
load_panel_finish: 50
unload_panel_bottom: 50
unload_panel_top: 50
freeze_actor: 40 (Unused?)
unfreeze_actor: 40 (Unused?)
block_coll_force: 32 (Unused?)
block_coll_passthru: 32
debug_breakpoint: 26 (Unused?)
hardware_amiga: 26 (Unused?)
vm_constants_tile_properties: 26 (Unused?)
