=== Image optimisations ===

=== Estimated memory usages ===

For chip:
Map gfx (level gfx bundle 1): 47104
Music memory (): 0
BP Buffer memory: 178560
core sfx/gfx memory: 18432
Parallax memory: 0
OS/other estimated: 99328

For other:
Map cache memory: 0
Map header cache memory: 0
Map data memory: 8988
Map background memory: 1396
EXE memory: 210780
vm memory: 7912
project memory: 848
memory reserved for active actors on screen (32): 4744
memory reserved for dormant actors in map (256): 9216
OS/other estimated: 105472

Accounted memory chip: 448896
Accounted memory other: 243884
Accounted memory total: 692780

=== Misc ===
Maps and Asset Bundles Count: 2
Maps and Asset Bundles Data Size: 24
Actor Count: 2
Actor Data Size: 376
Block Count: 1
Block Data Size: 68
Anim5 Count: 0
Anim5 Data Size: 0
Sound Count: 1
Sound Data Size: 28
Teleporter Count: 1
Teleporter Data Size: 8
Animations Count: 3
Animations Data Size: 48
AnimationFrame Count: 6
AnimationFrame Data Size: 96
ImageFrames: 2
ImageFrame Data Size: 88
Sprites: 2
Sprites Data Size: 28
Attack Data: 1
Attack Data Size: 66
Misc data size: 16
Panel scorpion_eng_splashscreen Original size 35158 Crunched size 3258
Header data for map intro_map Original size 7992 Crunched size 7992
Tile data for map intro_map (mem restrictions:No_Blocks) Original size 8988 Crunched size 8988
Background for map intro_map Original size 1396 Crunched size 1396
Asset bundle 0 (Core project asset bundle) Original size 18432 Crunched size 18432
Asset bundle 1 (intro_map) Original size 47104 Crunched size 47104
Project Header Original size 4032 Crunched size 4032
Project Data Original size 848 Crunched size 848
Project virtual machine (codeblocks) Original size 7912 Crunched size 7912
Project virtual machine redirects Original size 4 Crunched size 4

=== Possibly unused animations ===
intro_camera

=== Codeblocks by compiled size ===
load_level: 922
!001_start_up: 628
set_yresolution: 446
do_teleport: 340
flipscreen_smooth: 306 (Unused?)
pre_startup: 290
pause: 252
flipxymove: 250 (Unused?)
waitforframes: 186
snap_to_screen: 158 (Unused?)
flipymove: 146 (Unused?)
load_panel: 146
pre_quit: 144
flipxmove: 130 (Unused?)
destroy_all_blocks: 120 (Unused?)
load_music: 118 (Unused?)
pre_load_level: 118
unload_level: 114
00_intro_cam: 110
waitforfireup: 106
fadein: 102
waitforfiredown: 102
load_panel_bottom: 96 (Unused?)
load_panel_top: 96 (Unused?)
unload_panel: 92
pre_anim5: 86 (Unused?)
waitforfirehit: 86
fadeout: 84
wrap_screen_bottom: 76 (Unused?)
wrap_screen_right: 76 (Unused?)
wrap_screen_left: 72 (Unused?)
wrap_screen_top: 72 (Unused?)
flipscreen: 70 (Unused?)
quit: 66
load_music_finish: 64
jump_actor: 62 (Unused?)
unload_panel_bottom: 62
unload_panel_top: 62
destroy_all_actors: 56 (Unused?)
load_panel_finish: 56
destroy_actor: 54
regenerate_screen: 52
return: 52 (Unused?)
destroy_block: 48 (Unused?)
regenerate_screen_wait: 42
vm_registers: 26 (Unused?)
vm_constants: 26 (Unused?)
debug_breakpoint: 26 (Unused?)
vm_constants_audiodriver: 26 (Unused?)
vm_constants_controlbits: 26 (Unused?)
vm_constants_notes: 26 (Unused?)
vm_constants_platform: 26 (Unused?)
vm_constants_tile_properties: 26 (Unused?)
startup: 26 (Unused?)
