=== Image optimisations ===
Reduce width of Anims\ChopHover_00x00.png by 12 pixels to 16 to improve blit performance by 200.00%
Reduce width of Anims\ChopHover_01x00.png by 12 pixels to 16 to improve blit performance by 200.00%
Reduce width of Anims\ChopHover_02x00.png by 12 pixels to 16 to improve blit performance by 200.00%
Reduce width of Anims\clouds_l_00x00.png by 5 pixels to 48 to improve blit performance by 100.00%
Reduce width of Anims\clouds_m_00x00.png by 6 pixels to 416 to improve blit performance by 100.00%

=== Misc ===
Actor Count: 10
Actor Data Size: 2960
Block Count: 1
Block Data Size: 52
Anim5 Count: 1
Anim5 Data Size: 4
Sound Count: 1
Sound Data Size: 32
Teleporter Count: 1
Teleporter Data Size: 8
Animations Count: 11
Animations Data Size: 176
AnimationFrame Count: 14
AnimationFrame Data Size: 224
ImageFrames: BlitzTool.BlitzWord
ImageFrame Data Size: 832
Crunching Panel scorpion_eng_splashscreen as 0.img. Original size: 37106. Crunched size: 3308
Saving Project virtual machine (codeblocks) as project.vm. Original size: 5558
Saving Header data for map imported map as 1.mhd. Original size: 9788
Saving Data for map imported map as 1.map. Original size: 12644
Saving Background for map imported map as 1.bg. Original size: 3192
Saving Parallax for map imported map as 1.plx. Original size: 29700
Saving Asset bundle 0 as 0.gfx. Original size: 37720
Saving Asset bundle 1 as 1.gfx. Original size: 320
Saving Project data as project.dat. Original size: 4288
Saving Scorpion header as project.hd. Original size: 4036

Estimated memory usages:

For chip:
Map gfx (Panel: scorpion_eng_splashscreen): 37106
Music memory: 0
BP Buffer memory: 100800
core sfx/gfx memory: 37720
Parallax memory: 29700

For other:
Map cache memory: 0
Map header cache memory: 0
Map data memory: 12644
Map background memory: 3192
EXE memory: 202972
vm memory: 5558
project memory: 4288

Accounted memory chip: 205326
Accounted memory other: 228654
Accounted memory total: 433980
