=== Image optimisations ===
Reduce width of Anims\Hero_Crouch_01x00.png by 8 pixels to 48 to improve blit performance by 100.00%
Reduce width of Anims\Hero_Crouch_02x00.png by 9 pixels to 48 to improve blit performance by 100.00%
Reduce width of Anims\Hero_Crouch_01x00.png by 8 pixels to 48 to improve blit performance by 100.00%
Reduce width of Anims\Hero_Crouch_02x00.png by 9 pixels to 48 to improve blit performance by 100.00%
Reduce width of Anims\Hero_Crouch_00x00.png by 8 pixels to 32 to improve blit performance by 100.00%
Reduce width of Anims\Hero_Crouch_00x00.png by 8 pixels to 32 to improve blit performance by 100.00%
Reduce width of Anims\Hero_Crouch_04x00.png by 7 pixels to 32 to improve blit performance by 100.00%
Reduce width of Anims\Hero_Crouch_06x00.png by 5 pixels to 32 to improve blit performance by 100.00%
Reduce width of Anims\Hero_Crouch_04x00.png by 7 pixels to 32 to improve blit performance by 100.00%
Reduce width of Anims\Hero_Crouch_06x00.png by 5 pixels to 32 to improve blit performance by 100.00%
Reduce width of Anims\Hero_Jump_02x00.png by 8 pixels to 16 to improve blit performance by 200.00%
Reduce width of Anims\Hero_Jump_02x00.png by 8 pixels to 16 to improve blit performance by 200.00%
Reduce width of Anims\Hero_Sprites_00x00.png by 3 pixels to 16 to improve blit performance by 200.00%
Reduce width of Anims\Hero_Sprites_00x00.png by 3 pixels to 16 to improve blit performance by 200.00%
Reduce width of Anims\Hero_Jump_01x00.png by 1 pixels to 32 to improve blit performance by 100.00%
Reduce width of Anims\Hero_Jump_02x00.png by 8 pixels to 16 to improve blit performance by 200.00%
Reduce width of Anims\Hero_Jump_01x00.png by 1 pixels to 32 to improve blit performance by 100.00%
Reduce width of Anims\Hero_Jump_02x00.png by 8 pixels to 16 to improve blit performance by 200.00%
Reduce width of Anims\Hero_Sprites_01x00.png by 4 pixels to 32 to improve blit performance by 100.00%
Reduce width of Anims\Hero_Sprites_02x00.png by 2 pixels to 16 to improve blit performance by 200.00%
Reduce width of Anims\Hero_Sprites_03x00.png by 6 pixels to 16 to improve blit performance by 200.00%
Reduce width of Anims\Hero_Sprites_04x00.png by 3 pixels to 32 to improve blit performance by 100.00%
Reduce width of Anims\Hero_Sprites_05x00.png by 3 pixels to 16 to improve blit performance by 200.00%
Reduce width of Anims\Hero_Sprites_06x00.png by 6 pixels to 16 to improve blit performance by 200.00%
Reduce width of Anims\Hero_Sprites_01x00.png by 4 pixels to 32 to improve blit performance by 100.00%
Reduce width of Anims\Hero_Sprites_02x00.png by 2 pixels to 16 to improve blit performance by 200.00%
Reduce width of Anims\Hero_Sprites_03x00.png by 6 pixels to 16 to improve blit performance by 200.00%
Reduce width of Anims\Hero_Sprites_04x00.png by 3 pixels to 32 to improve blit performance by 100.00%
Reduce width of Anims\Hero_Sprites_05x00.png by 3 pixels to 16 to improve blit performance by 200.00%
Reduce width of Anims\Hero_Sprites_06x00.png by 6 pixels to 16 to improve blit performance by 200.00%
Reduce width of Anims\Highway_Red_Sports_Car_00x00.png by 13 pixels to 176 to improve blit performance by 100.00%
Reduce width of Anims\Highway_sportswheels_00x00.png by 7 pixels to 16 to improve blit performance by 200.00%
Reduce width of Anims\Highway_sportswheels_01x00.png by 7 pixels to 16 to improve blit performance by 200.00%
Reduce width of Anims\Highway_sportswheels_02x00.png by 7 pixels to 16 to improve blit performance by 200.00%
Reduce width of Anims\Highway_taxiwheels_00x00.png by 11 pixels to 16 to improve blit performance by 200.00%
Reduce width of Anims\Highway_taxiwheels_01x00.png by 11 pixels to 16 to improve blit performance by 200.00%
Reduce width of Anims\Highway_taxiwheels_02x00.png by 11 pixels to 16 to improve blit performance by 200.00%

=== Misc ===
Maps and Asset Bundles Count: 4
Maps and Asset Bundles Data Size: 48
Actor Count: 15
Actor Data Size: 4500
Block Count: 41
Block Data Size: 2132
Anim5 Count: 1
Anim5 Data Size: 4
Sound Count: 1
Sound Data Size: 32
Teleporter Count: 1
Teleporter Data Size: 8
Animations Count: 25
Animations Data Size: 400
AnimationFrame Count: 56
AnimationFrame Data Size: 896
ImageFrames: 54
ImageFrame Data Size: 3456

=== Cartridge section PANL (size 82448) ===
Panel scorpion_eng_splashscreen Original size 37090 Crunched size 3292
Panel debug Original size 4940 Crunched size 0

=== Cartridge section MPHD (size 9988) ===
Header data for map highway_01 Original size 9780 Crunched size 414
Header data for map level_01 Original size 9780 Crunched size 306
Header data for map titlescreen Original size 9780 Crunched size 260

=== Cartridge section MPDT (size 56608) ===
Tile data for map highway_01 Original size 16196 Crunched size 1608
Tile data for map level_01 Original size 15716 Crunched size 3374
Tile data for map titlescreen Original size 2276 Crunched size 660

=== Cartridge section MPBG (size 7108) ===
Background for map highway_01 Original size 2672 Crunched size 266
Background for map level_01 Original size 2672 Crunched size 248
Background for map titlescreen Original size 2672 Crunched size 178

=== Cartridge section MPPX (size 3428) ===
Parallax for map highway_01 Original size 1800 Crunched size 156
Parallax for map level_01 Original size 1800 Crunched size 168
Parallax for map titlescreen Original size 0 Crunched size 0

=== Cartridge section ASBD (size 873028) ===
Asset bundle 0 (Core project asset bundle) Original size 134600 Crunched size 32224
Asset bundle 1 (highway_01) Original size 51520 Crunched size 17978
Asset bundle 2 (level_01) Original size 101120 Crunched size 27168
Asset bundle 3 (titlescreen) Original size 30080 Crunched size 9908

=== Cartridge section PROJ (size 11968) ===
Project Header Original size 4040 Crunched size 1190

=== Cartridge section PDAT (size 23588) ===
Project Data Original size 11476 Crunched size 2352

=== Cartridge section VMCB (size 22828) ===
Project virtual machine (codeblocks) Original size 8428 Crunched size 2276

=== Cartridge section VMRD (size 108) ===
Project virtual machine redirects Original size 4 Crunched size 4
