=== Image optimisations ===

=== Misc ===
Actor Count: 3
Actor Data Size: 888
Block Count: 1
Block Data Size: 52
Anim5 Count: 1
Anim5 Data Size: 4
Sound Count: 1
Sound Data Size: 32
Teleporter Count: 1
Teleporter Data Size: 8
Animations Count: 3
Animations Data Size: 48
AnimationFrame Count: 4
AnimationFrame Data Size: 64
ImageFrames: BlitzTool.BlitzWord
ImageFrame Data Size: 192
Crunching Panel scorpion_eng_splashscreen as 0.img. Original size: 37106. Crunched size: 3308
Saving Project virtual machine (codeblocks) as project.vm. Original size: 5458
Saving Header data for map imported map as 1.mhd. Original size: 9788
Saving Data for map imported map as 1.map. Original size: 2124
Saving Background for map imported map as 1.bg. Original size: 2672
Saving Header data for map stoptheexpress as 2.mhd. Original size: 9788
Saving Data for map stoptheexpress as 2.map. Original size: 55692
Saving Background for map stoptheexpress as 2.bg. Original size: 2672
Saving Asset bundle 0 as 0.gfx. Original size: 644
Saving Asset bundle 1 as 1.gfx. Original size: 256
Saving Asset bundle 2 as 2.gfx. Original size: 17920
Saving Project data as project.dat. Original size: 1288
Saving Scorpion header as project.hd. Original size: 4036

Estimated memory usages:

For chip:
Map gfx (Panel: scorpion_eng_splashscreen): 37106
Music memory: 0
BP Buffer memory: 95360
core sfx/gfx memory: 644
Parallax memory: 0

For other:
Map cache memory: 0
Map header cache memory: 0
Map data memory: 55692
Map background memory: 2672
EXE memory: 202212
vm memory: 5458
project memory: 1288

Accounted memory chip: 133110
Accounted memory other: 267322
Accounted memory total: 400432
