Compiled on 22 September 2025 16:02:16
Version string: SE2025.0.250922.10.31.EX

=== Misc ===
ImageFrames: 93
ImageFrame Data Size: 4092
Maps and Asset Bundles Count: 2
Maps and Asset Bundles Data Size: 0
Actor Count: 10
Actor Data Size: 1800
Block Count: 1
Block Data Size: 68
Anim5 Count: 0
Anim5 Data Size: 0
Sound Count: 1
Sound Data Size: 28
Teleporter Count: 1
Teleporter Data Size: 8
Animations Count: 10
Animations Data Size: 160
AnimationFrame Count: 94
AnimationFrame Data Size: 1504
Sprites: 4
Sprites Data Size: 56
Attack Data: 1
Attack Data Size: 88
Misc data size: 100

=== Data Sizes ===
    Size | Crunch | Detail
  286306 |        | Asset bundle 1 (level_01)
   16256 |        | Asset bundle 0 (Core project asset bundle)
   10368 |        | Tile data for map level_01 (mem restrictions:No_Blocks)
    8792 |        | Project virtual machine (codeblocks)
    7906 |        | Project Data
    4376 |        | Project Header
    3380 |  (91%) | Panel scorpion_eng_splashscreen
     844 |        | Header data for map level_01
      76 |  (95%) | Panel (background color #F0F)
       4 |        | Project virtual machine redirects
       2 |        | Misc Data (paths, hurt boxes etc)

=== Accounted Memory Usage ===
(Note that this isn't a full account of memory usage, just the memory we can account for)

For chip:
Map gfx (level gfx bundle 1): 286306
Music memory (): 0
BP Buffer memory: 104400
Core sfx/gfx memory: 16256
Parallax memory: 0
OS/other estimated: 99328

For other:
Map data memory: 10368
Map background memory: 1296
EXE memory: 210656
vm memory: 8792
project memory: 7906
memory reserved for active actors on screen (32): 5064
memory reserved for dormant actors in map (128): 4608
OS/other estimated: 105472

Accounted memory chip: 506290
Accounted memory other: 354162
Accounted memory total: 860452

=== Codeblocks by compiled size ===
01_startup: 656
load_level: 650
pre_startup: 508
flipscreen_smooth: 310 (Unused?)
do_teleport: 300
flipxymove: 278 (Unused?)
load_next_level: 268 (Unused?)
block_find: 210 (Unused?)
set_yresolution: 202
waitforframes: 194
check_talkpad: 192 (Unused?)
pause: 184
block_count: 178 (Unused?)
02_move_foot: 164
flipymove: 162 (Unused?)
snap_to_screen: 162 (Unused?)
pre_quit: 160
flipxmove: 142 (Unused?)
restart_this_level: 136 (Unused?)
load_panel: 134
unload_level: 130
destroy_all_blocks: 128 (Unused?)
pre_load_level: 122
fadein: 108
waitforfireup: 106
unload_panel: 102
waitforfiredown: 102
load_panel_bottom: 96 (Unused?)
load_panel_top: 96 (Unused?)
destroy_child_actors: 94 (Unused?)
waitforfirehit: 86
load_music: 78 (Unused?)
02_scroll_screen: 78
fadeout: 76
load_music_finish: 76
wrap_screen_bottom: 76 (Unused?)
wrap_screen_right: 76 (Unused?)
set_ntsc: 74 (Unused?)
flipscreen: 72 (Unused?)
wrap_screen_left: 72 (Unused?)
wrap_screen_top: 72 (Unused?)
jump_actor: 66 (Unused?)
destroy_all_actors: 60 (Unused?)
quit: 60 (Unused?)
destroy_actor: 58
destroy_block: 52 (Unused?)
return: 52 (Unused?)
load_panel_finish: 50
unload_panel_bottom: 50
unload_panel_top: 50
02_atat_move: 48
freeze_actor: 40 (Unused?)
unfreeze_actor: 40 (Unused?)
autogen_atat_foot_01_2: 38
autogen_atat_foot_01_0: 34
block_coll_force: 32 (Unused?)
block_coll_passthru: 32
vm_registers: 26 (Unused?)
debug_breakpoint: 26 (Unused?)
vm_constants_tile_properties: 26 (Unused?)
