Compiled on 19 August 2024 06:23:49
Version string: SE2024.2.240819.10.51.EX

=== Misc ===
ImageFrames: 53
ImageFrame Data Size: 2332
Maps and Asset Bundles Count: 4
Maps and Asset Bundles Data Size: 48
Actor Count: 15
Actor Data Size: 2700
Block Count: 41
Block Data Size: 2788
Anim5 Count: 0
Anim5 Data Size: 0
Sound Count: 1
Sound Data Size: 28
Teleporter Count: 1
Teleporter Data Size: 8
Animations Count: 25
Animations Data Size: 400
AnimationFrame Count: 56
AnimationFrame Data Size: 896
Sprites: 4
Sprites Data Size: 56
Attack Data: 2
Attack Data Size: 176
Misc data size: 14
=== Image optimisations ===
Panel scorpion_eng_splashscreen Original size 35168 Crunched size 3258
Project virtual machine (codeblocks) Original size 10496 Crunched size 3170
Header data for map highway_01 Original size 8000 Crunched size 386
Tile data for map highway_01 (mem restrictions:None) Original size 20300 Crunched size 1854
Background for map highway_01 Original size 1468 Crunched size 262
Parallax for map highway_01 Original size 900 Crunched size 142
Header data for map level_01 Original size 8000 Crunched size 282
Tile data for map level_01 (mem restrictions:None) Original size 13156 Crunched size 3580
Background for map level_01 Original size 1484 Crunched size 244
Parallax for map level_01 Original size 900 Crunched size 154
Header data for map titlescreen Original size 8000 Crunched size 230
Tile data for map titlescreen (mem restrictions:None) Original size 1956 Crunched size 736
Background for map titlescreen Original size 1396 Crunched size 168
Asset bundle 0 (Core project asset bundle) Original size 134514 Crunched size 32152
Asset bundle 1 (highway_01) Original size 49292 Crunched size 17928
Asset bundle 2 (level_01) Original size 94414 Crunched size 27052
Asset bundle 3 (titlescreen) Original size 28940 Crunched size 9888
Misc Data (paths, hurt boxes etc) Original size 2 Crunched size 2
Project Header Original size 4036 Crunched size 1196
Project Data Original size 9448 Crunched size 2386
Project virtual machine redirects Original size 4 Crunched size 4

=== Accounted Memory Usage ===
(Note that this isn't a full account of memory usage, just the memory we can account for)

For chip:
Map gfx (level gfx bundle 2): 94414
Music memory (): 0
BP Buffer memory: 133920
core sfx/gfx memory: 134514
Parallax memory: 900
OS/other estimated: 99328

For other:
Map cache memory: 0
Map header cache memory: 0
Map data memory: 20300
Map background memory: 1484
EXE memory: 194988
vm memory: 10496
project memory: 9448
memory reserved for active actors on screen (32): 4616
memory reserved for dormant actors in map (256): 9216
OS/other estimated: 105472

Accounted memory chip: 463076
Accounted memory other: 356020
Accounted memory total: 819096

=== Possibly unused animations ===
hero_crouch_pistol_l
hero_crouch_pistol_r

=== Possibly unused Actors ===
dummyplayer
hw_red_car
hw_sportswheels
hw_taxiwheels
hw_truckwheels_front
hw_truckwheels_rear1
hw_truckwheels_rear2
title_select_arrow

=== Codeblocks by compiled size ===
01_highway_01: 598
load_level: 568
pre_startup: 432
do_teleport: 424
flipscreen_smooth: 310 (Unused?)
load_next_level: 300 (Unused?)
flipxymove: 278 (Unused?)
01_title_screen_select: 262
block_find: 206 (Unused?)
set_yresolution: 202
waitforframes: 194
01_level_01: 194
check_talkpad: 192 (Unused?)
01_title_screen: 188
dummyplayer_autogen_attack: 184
block_count: 178 (Unused?)
00_player_mode: 178
pause: 176 (Unused?)
flipymove: 162 (Unused?)
snap_to_screen: 158 (Unused?)
pre_quit: 152
restart_this_level: 150 (Unused?)
load_panel: 146
00_redcar_wheels_spawn: 146
flipxmove: 142 (Unused?)
unload_level: 142
destroy_all_blocks: 128 (Unused?)
pre_load_level: 122
00_redcar_kill: 116
waitforfireup: 114
fadein: 112
waitforfiredown: 110
unload_panel: 106
load_panel_bottom: 96 (Unused?)
load_panel_top: 96 (Unused?)
00_spritewrap: 96
01_startup: 96
destroy_child_actors: 94 (Unused?)
fadeout: 88
99_debug_info: 88
pre_anim5: 86 (Unused?)
waitforfirehit: 86
00_killactorright: 84 (Unused?)
00_killactorleft: 80
load_music: 78 (Unused?)
load_music_finish: 76
wrap_screen_bottom: 76 (Unused?)
wrap_screen_right: 76 (Unused?)
set_ntsc: 74 (Unused?)
flipscreen: 72 (Unused?)
wrap_screen_left: 72 (Unused?)
wrap_screen_top: 72 (Unused?)
quit: 70 (Unused?)
jump_actor: 66 (Unused?)
load_panel_finish: 66
00_move_parallax: 66
unload_panel_bottom: 62
unload_panel_top: 62
destroy_all_actors: 60 (Unused?)
destroy_actor: 58
regenerate_screen: 58
destroy_block: 52 (Unused?)
return: 52 (Unused?)
AUTOGEN_OUTOFSCREEN_00_killactorleft_None_None_None: 50
AUTOGEN_OUTOFSCREEN_00_cambounds_None_None_None: 50
regenerate_screen_wait: 46
00_cambounds: 42
freeze_actor: 40 (Unused?)
unfreeze_actor: 40 (Unused?)
block_coll_force: 32 (Unused?)
block_coll_passthru: 32 (Unused?)
clear_block_collision: 32
vm_registers: 26 (Unused?)
debug_breakpoint: 26 (Unused?)
vm_constants_tile_properties: 26 (Unused?)
