=== Image optimisations ===

=== Estimated memory usages ===

For chip:
Map gfx (level gfx bundle 2): 101120
Music memory (): 0
BP Buffer memory: 112400
core sfx/gfx memory: 134600
Parallax memory: 900
OS/other estimated: 99328

For other:
Map cache memory: 0
Map header cache memory: 0
Map data memory: 13548
Map background memory: 1484
EXE memory: 209944
vm memory: 9184
project memory: 9474
memory reserved for active actors on screen (32): 4744
memory reserved for dormant actors in map (256): 9216
OS/other estimated: 105472

Accounted memory chip: 553820
Accounted memory other: 257594
Accounted memory total: 811414

=== Misc ===
Maps and Asset Bundles Count: 4
Maps and Asset Bundles Data Size: 48
Actor Count: 15
Actor Data Size: 2820
Block Count: 41
Block Data Size: 2788
Anim5 Count: 0
Anim5 Data Size: 0
Sound Count: 1
Sound Data Size: 28
Teleporter Count: 1
Teleporter Data Size: 8
Animations Count: 25
Animations Data Size: 400
AnimationFrame Count: 56
AnimationFrame Data Size: 896
ImageFrames: 53
ImageFrame Data Size: 2332
Sprites: 4
Sprites Data Size: 56
Attack Data: 1
Attack Data Size: 66
Misc data size: 30
Panel scorpion_eng_splashscreen Original size 35158 Crunched size 3258
Header data for map highway_01 Original size 7992 Crunched size 382
Tile data for map highway_01 (mem restrictions:None) Original size 13548 Crunched size 1564
Background for map highway_01 Original size 1468 Crunched size 262
Parallax for map highway_01 Original size 900 Crunched size 142
Header data for map level_01 Original size 7992 Crunched size 278
Tile data for map level_01 (mem restrictions:None) Original size 13148 Crunched size 3338
Background for map level_01 Original size 1484 Crunched size 244
Parallax for map level_01 Original size 900 Crunched size 154
Header data for map titlescreen Original size 7992 Crunched size 226
Tile data for map titlescreen (mem restrictions:None) Original size 1948 Crunched size 648
Background for map titlescreen Original size 1396 Crunched size 168
Asset bundle 0 (Core project asset bundle) Original size 134600 Crunched size 32222
Asset bundle 1 (highway_01) Original size 51360 Crunched size 17974
Asset bundle 2 (level_01) Original size 101120 Crunched size 27168
Asset bundle 3 (titlescreen) Original size 29600 Crunched size 9896
Project Header Original size 4036 Crunched size 1190
Project Data Original size 9474 Crunched size 2230
Project virtual machine (codeblocks) Original size 9184 Crunched size 2670
Project virtual machine redirects Original size 4 Crunched size 4

=== Possibly unused animations ===
hero_crouch_pistol_r
hero_crouch_pistol_l

=== Possibly unused Actors ===
dummyplayer
hw_red_car
hw_sportswheels
hw_taxiwheels
hw_truckwheels_front
hw_truckwheels_rear1
hw_truckwheels_rear2
title_select_arrow

=== Codeblocks by compiled size ===
load_level: 948
01_highway_01: 508
set_yresolution: 446
do_teleport: 320
flipscreen_smooth: 306 (Unused?)
pre_startup: 290
01_title_screen_select: 254
pause: 252 (Unused?)
flipxymove: 250 (Unused?)
waitforframes: 186
00_player_mode: 166
snap_to_screen: 158 (Unused?)
flipymove: 146 (Unused?)
load_panel: 146
pre_quit: 144
00_redcar_wheels_spawn: 138
flipxmove: 130 (Unused?)
01_level_01: 122
destroy_all_blocks: 120 (Unused?)
01_title_screen: 120
load_music: 118 (Unused?)
pre_load_level: 118
unload_level: 114
00_redcar_kill: 108
waitforfireup: 106
waitforfiredown: 102
load_panel_bottom: 96 (Unused?)
load_panel_top: 96 (Unused?)
00_spritewrap: 96
unload_panel: 92
99_debug_info: 88
pre_anim5: 86 (Unused?)
waitforfirehit: 86
fadeout: 84
01_startup: 82
00_killactorright: 80 (Unused?)
wrap_screen_bottom: 76 (Unused?)
wrap_screen_right: 76 (Unused?)
00_killactorleft: 76
wrap_screen_left: 72 (Unused?)
wrap_screen_top: 72 (Unused?)
flipscreen: 70 (Unused?)
quit: 66 (Unused?)
AUTOGEN_OUTOFSCREEN_00_killactorleft_None_None_None: 64
AUTOGEN_OUTOFSCREEN_00_cambounds_None_None_None: 64
jump_actor: 62 (Unused?)
unload_panel_bottom: 62
unload_panel_top: 62
00_move_parallax: 62
fadein: 58
destroy_all_actors: 56 (Unused?)
load_panel_finish: 56
destroy_actor: 54
load_music_finish: 52
regenerate_screen: 52
return: 52 (Unused?)
destroy_block: 48 (Unused?)
regenerate_screen_wait: 42
00_cambounds: 42
vm_registers: 26 (Unused?)
vm_constants: 26 (Unused?)
debug_breakpoint: 26 (Unused?)
vm_constants_controlbits: 26 (Unused?)
vm_constants_notes: 26 (Unused?)
vm_constants_platform: 26 (Unused?)
vm_constants_tile_properties: 26 (Unused?)
startup: 26 (Unused?)
