=== Image optimisations ===

=== Misc ===
Actor Count: 4
Actor Data Size: 1168
Block Count: 4
Block Data Size: 208
Anim5 Count: 1
Anim5 Data Size: 4
Sound Count: 1
Sound Data Size: 16
Teleporter Count: 1
Teleporter Data Size: 8
Animations Count: 18
Animations Data Size: 288
AnimationFrame Count: 19
AnimationFrame Data Size: 1292
Crunching Panel scorpion_eng_splashscreen as 0.img. Original size: 37106. Crunched size: 3312
Crunching Panel loading as 1.img. Original size: 36074. Crunched size: 4462
Crunching Panel status as 2.img. Original size: 7906. Crunched size: 942
Crunching Project virtual machine (codeblocks) as project.vm. Original size: 4950. Crunched size: 1644
Crunching Header data for map imported map as 1.mhd. Original size: 11556. Crunched size: 276
Crunching Data for map imported map as 1.map. Original size: 58452. Crunched size: 8526
Crunching Asset bundle 0 as 0.gfx. Original size: 2272. Crunched size: 924
Crunching Asset bundle 1 as 1.gfx. Original size: 15744. Crunched size: 2932
Crunching Project data as project.dat. Original size: 2984. Crunched size: 550
Crunching Scorpion header as project.hd. Original size: 3004. Crunched size: 1174

Estimated memory usages:

For chip:
Map gfx (Panel: scorpion_eng_splashscreen): 37106
Music memory: 0
BP Buffer memory: 89280
core sfx/gfx memory: 2272

For other:
Map cache memory: 0
Map header cache memory: 0
Map data memory: 58452
EXE memory: 192180
vm memory: 4950
project memory: 2984

Accounted memory chip: 128658
Accounted memory other: 258566
Accounted memory total: 387224
