=== Image optimisations ===

=== Estimated memory usages ===

For chip:
Map gfx (level gfx bundle 2): 47204
Music memory (): 0
BP Buffer memory: 84816
core sfx/gfx memory: 22064
Parallax memory: 0
OS/other estimated: 99328

For other:
Map cache memory: 0
Map header cache memory: 0
Map data memory: 34050
Map background memory: 1396
EXE memory: 207992
vm memory: 8218
project memory: 5740
memory reserved for active actors on screen (32): 4480
memory reserved for dormant actors in map (256): 9216
OS/other estimated: 105472

Accounted memory chip: 358884
Accounted memory other: 271092
Accounted memory total: 629976

=== Misc ===
Maps and Asset Bundles Count: 4
Maps and Asset Bundles Data Size: 48
Actor Count: 4
Actor Data Size: 752
Block Count: 51
Block Data Size: 3468
Anim5 Count: 0
Anim5 Data Size: 0
Sound Count: 1
Sound Data Size: 28
Teleporter Count: 1
Teleporter Data Size: 8
Animations Count: 10
Animations Data Size: 160
AnimationFrame Count: 20
AnimationFrame Data Size: 320
ImageFrames: 18
ImageFrame Data Size: 792
Sprites: 1
Sprites Data Size: 14
Attack Data: 2
Attack Data Size: 132
Misc data size: 16
Panel scorpion_eng_splashscreen Original size 35154 Crunched size 3258
Panel statusbar Original size 7774 Crunched size 7774
Panel statusbarwide Original size 9484 Crunched size 9484
Panel titlescreen Original size 27230 Crunched size 27230
Header data for map sector_01_bg Original size 7996 Crunched size 7996
Tile data for map sector_01_bg (mem restrictions:None) Original size 34050 Crunched size 34050
Background for map sector_01_bg Original size 1396 Crunched size 1396
Header data for map sector_01_both Original size 7996 Crunched size 7996
Tile data for map sector_01_both (mem restrictions:None) Original size 34050 Crunched size 34050
Background for map sector_01_both Original size 1396 Crunched size 1396
Header data for map sector5surface Original size 7996 Crunched size 7996
Tile data for map sector5surface (mem restrictions:None) Original size 4384 Crunched size 4384
Background for map sector5surface Original size 1396 Crunched size 1396
Asset bundle 0 (Core project asset bundle) Original size 22064 Crunched size 22064
Asset bundle 1 (sector_01_bg) Original size 40320 Crunched size 40320
Asset bundle 2 (sector_01_both) Original size 47204 Crunched size 47204
Asset bundle 3 (sector5surface) Original size 16256 Crunched size 16256
Project Header Original size 4032 Crunched size 4032
Project Data Original size 5740 Crunched size 5740
Project virtual machine (codeblocks) Original size 8218 Crunched size 8218
Project virtual machine redirects Original size 4 Crunched size 4

=== Possibly unused animations ===
observer

=== Possibly unused blocks ===
alert01_02
alert01_03
alert01_04
alert02_02
alert02_03
alert02_04
alert03_02
alert03_03
alert03_04
alert04_02
alert04_03
alert04_04
alert05_02
alert05_03
alert05_04
elevator_choice_01
elevator_choice_04
elevator_choice_05
elevator_choice_06
elevator_down_01
elevator_down_02
elevator_down_05
elevator_down_06
elevator_up_01
elevator_up_02
elevator_up_05
elevator_up_06
slope_02
slope_03
slope_04
slope_05

=== Possibly unused Actors ===
dummycam

=== Codeblocks by compiled size ===
load_level: 970
set_yresolution: 448
do_teleport: 392
flipscreen_smooth: 346 (Unused?)
00_startup: 336
flipxymove: 306 (Unused?)
pre_startup: 292
pause: 252 (Unused?)
00_godmode: 218
snap_to_screen: 190 (Unused?)
flipymove: 174 (Unused?)
flipxmove: 158 (Unused?)
AUTOGEN_OUTOFSCREEN_00_leavescreenleft_00_leavescreenright_00_leavescreenup_00_leavescreendown: 156
load_panel: 146
pre_quit: 146
destroy_all_blocks: 124 (Unused?)
load_music: 118 (Unused?)
pre_load_level: 118
unload_level: 114
load_panel_bottom: 96
load_panel_top: 96 (Unused?)
waitforfireup: 94
unload_panel: 92
wrap_screen_bottom: 92 (Unused?)
wrap_screen_right: 92 (Unused?)
00_setcampos: 92
waitforfiredown: 90
wrap_screen_left: 88 (Unused?)
wrap_screen_top: 88 (Unused?)
flipscreen: 86 (Unused?)
pre_anim5: 86 (Unused?)
waitforfirehit: 86
fadeout: 84
waitforframes: 78
quit: 66 (Unused?)
destroy_all_actors: 62 (Unused?)
jump_actor: 62 (Unused?)
unload_panel_bottom: 62
unload_panel_top: 62
fadein: 58
load_panel_finish: 56
destroy_actor: 54
load_music_finish: 52
regenerate_screen: 52
return: 52 (Unused?)
destroy_block: 48 (Unused?)
regenerate_screen_wait: 42
00_leavescreendown: 40
00_leavescreenleft: 40
00_leavescreenright: 40
00_leavescreenup: 40
vm_registers: 26 (Unused?)
vm_constants: 26 (Unused?)
debug_breakpoint: 26 (Unused?)
vm_constants_controlbits: 26 (Unused?)
vm_constants_notes: 26 (Unused?)
vm_constants_platform: 26 (Unused?)
vm_constants_tile_properties: 26 (Unused?)
