Compiled on 22 August 2024 05:32:00
Version string: SE2024.2.240820.23.28.EX

ImageFrames: 27
ImageFrame Data Size: 1216
Actor Count: 10
Actor Data Size: 1800
Animations Count: 10
Animations Data Size: 160
AnimationFrame Count: 45
AnimationFrame Data Size: 720
Map tile data  godzilla Original size 396 Crunched size 13
Map path node data for godzilla Original size 12 Crunched size 12
XGM Null sound Original size 256 Crunched size 256
XGM Null song Original size 172 Crunched size 172
Project blocks Original size 68 Crunched size 68
Map block data for godzilla Original size 396 Crunched size 6
Map block data for intrro Original size 4644 Crunched size 7
XGM PCM sound Original size 31744 Crunched size 31744
XGM 68K Plugin Driver Original size 802 Crunched size 802
Project sound Original size 196 Crunched size 196
Map tile data  intrro Original size 4644 Crunched size 17
Misc Data (paths, hurt boxes etc) Original size 2 Crunched size 2
XGM PCM sound Original size 31744 Crunched size 31744
XGM Core Driver Original size 5888 Crunched size 5888
XGM PCM sound Original size 31744 Crunched size 31744
XGM PCM sound Original size 109312 Crunched size 109312
XGM PCM sound Original size 109312 Crunched size 109312
XGM PCM sound Original size 2038016 Crunched size 2038016
Default MD font Original size 2048 Crunched size 2048
Project virtual machine (codeblocks) Original size 10380 Crunched size 10380
Panel  Original size 10352 Crunched size 10352
Images Original size 1216 Crunched size 1216
Project actors Original size 1800 Crunched size 1800
Project patterns Original size 32 Crunched size 32
Tile data for map godzilla (mem restrictions:None) Original size 640 Crunched size 640
Pattern data for 1 Original size 346 Crunched size 346
Map event data for godzilla Original size 40 Crunched size 40
Get Y lookup table godzilla Original size 72 Crunched size 72
Header data for map godzilla Original size 8004 Crunched size 8004
Tile data for map intrro (mem restrictions:None) Original size 8192 Crunched size 8192
Pattern data for 2 Original size 1128 Crunched size 1128
Map event data for intrro Original size 40 Crunched size 40
Get Y lookup table intrro Original size 72 Crunched size 72
Map path node data for intrro Original size 12 Crunched size 12
Header data for map intrro Original size 8004 Crunched size 8004
Project name table Original size 1616 Crunched size 1616
Streamed project patterns Original size 34048 Crunched size 34048
Animations Original size 160 Crunched size 160
Animation Frames Original size 720 Crunched size 720
Project Header Original size 2902 Crunched size 2902
Var Data Original size 56 Crunched size 56
Attack Data Original size 88 Crunched size 88
Teleporters Original size 8 Crunched size 8
Commands for Joystick 1 Original size 12 Crunched size 12

=== Accounted Memory Usage ===
(Note that this isn't a full account of memory usage, just the memory we can account for)
RAM reserved for level tiles: (largest level: intrro): 9288
memory reserved for active actors on screen (32): 4616
memory reserved for dormant actors in map (256): 9216

Total: 23120 bytes

=== Possibly unused Actors ===
dualwheels
logo1
singlewheel

=== Possibly unused sound effects ===
bandit_intro_l___copy
instrumental

=== Codeblocks by compiled size ===
load_level: 528
!startup: 460
do_teleport: 404
set_yresolution: 390
00_intro: 380
pre_startup: 342
flipscreen_smooth: 310 (Unused?)
load_next_level: 300 (Unused?)
flipxymove: 278 (Unused?)
block_find: 206 (Unused?)
waitforframes: 194
block_count: 178 (Unused?)
check_talkpad: 172 (Unused?)
flipymove: 162 (Unused?)
snap_to_screen: 158 (Unused?)
pre_quit: 152 (Unused?)
restart_this_level: 150 (Unused?)
load_panel: 146
flipxmove: 142 (Unused?)
unload_level: 142
pause: 138
destroy_all_blocks: 128 (Unused?)
pre_load_level: 122
waitforfireup: 114
fadein: 112
waitforfiredown: 110
unload_panel: 106
00_light: 100
load_panel_bottom: 96 (Unused?)
load_panel_top: 96 (Unused?)
destroy_child_actors: 94 (Unused?)
fadeout: 88
pre_anim5: 86 (Unused?)
waitforfirehit: 86
00_destroy_car: 84
load_music_finish: 76
wrap_screen_bottom: 76 (Unused?)
wrap_screen_right: 76 (Unused?)
00_mountains: 76
flipscreen: 72 (Unused?)
wrap_screen_left: 72 (Unused?)
wrap_screen_top: 72 (Unused?)
load_music: 70 (Unused?)
jump_actor: 66 (Unused?)
load_panel_finish: 66
00_spawn_smoke: 66
unload_panel_bottom: 62
unload_panel_top: 62
destroy_all_actors: 60 (Unused?)
destroy_actor: 58
regenerate_screen: 58
AUTOGEN_OUTOFSCREEN_None_00_destroy_car_None_None: 54
AUTOGEN_OUTOFSCREEN_None_destroy_actor_None_None: 54
destroy_block: 52 (Unused?)
return: 52 (Unused?)
quit: 50 (Unused?)
regenerate_screen_wait: 46
freeze_actor: 40 (Unused?)
unfreeze_actor: 40 (Unused?)
autogen_smoke_plume_6: 38
autogen_smoke_tire_0: 38
block_coll_force: 32 (Unused?)
block_coll_passthru: 32 (Unused?)
clear_block_collision: 32
vm_registers: 26 (Unused?)
debug_breakpoint: 26 (Unused?)
set_ntsc: 26
vm_constants_tile_properties: 26 (Unused?)
