Compiled on 14 August 2024 06:08:20
Version string: SE2024.2.240813.10.02.EX

=== Misc ===
ImageFrames: 10
ImageFrame Data Size: 440
Maps and Asset Bundles Count: 2
Maps and Asset Bundles Data Size: 24
Actor Count: 6
Actor Data Size: 1080
Block Count: 1
Block Data Size: 68
Anim5 Count: 0
Anim5 Data Size: 0
Sound Count: 6
Sound Data Size: 168
Teleporter Count: 1
Teleporter Data Size: 8
Animations Count: 6
Animations Data Size: 96
AnimationFrame Count: 11
AnimationFrame Data Size: 176
Sprites: 2
Sprites Data Size: 28
Attack Data: 1
Attack Data Size: 88
Misc data size: 28
=== Image optimisations ===
Panel scorpion_eng_splashscreen Original size 35168 Crunched size 3258
Project virtual machine (codeblocks) Original size 8802 Crunched size 8802
Header data for map intrro Original size 8000 Crunched size 8000
Tile data for map intrro (mem restrictions:No_Blocks) Original size 4100 Crunched size 4100
Background for map intrro Original size 1396 Crunched size 1396
Asset bundle 0 (Core project asset bundle) Original size 193960 Crunched size 193960
Asset bundle 1 (intrro) Original size 8868 Crunched size 8868
Misc Data (paths, hurt boxes etc) Original size 2 Crunched size 2
Project Header Original size 4036 Crunched size 4036
Project Data Original size 2206 Crunched size 2206
Project virtual machine redirects Original size 4 Crunched size 4

=== Accounted Memory Usage ===
(Note that this isn't a full account of memory usage, just the memory we can account for)

For chip:
Map gfx (Panel: scorpion_eng_splashscreen): 35168
Music memory (): 0
BP Buffer memory: 132000
core sfx/gfx memory: 193960
Parallax memory: 0
OS/other estimated: 99328

For other:
Map cache memory: 0
Map header cache memory: 0
Map data memory: 4100
Map background memory: 1396
EXE memory: 194840
vm memory: 8802
project memory: 2206
memory reserved for active actors on screen (32): 4616
memory reserved for dormant actors in map (256): 9216
OS/other estimated: 105472

Accounted memory chip: 460456
Accounted memory other: 330648
Accounted memory total: 791104

=== Possibly unused sound effects ===
bandit_intro_l___copy

=== Codeblocks by compiled size ===
load_level: 568
00_intro: 474
pre_startup: 432
do_teleport: 424
flipscreen_smooth: 310 (Unused?)
load_next_level: 300 (Unused?)
flipxymove: 278 (Unused?)
!startup: 232
block_find: 206 (Unused?)
set_yresolution: 202
waitforframes: 194
check_talkpad: 192 (Unused?)
block_count: 178 (Unused?)
pause: 176
flipymove: 162 (Unused?)
snap_to_screen: 158 (Unused?)
pre_quit: 152
restart_this_level: 150 (Unused?)
load_panel: 146
flipxmove: 142 (Unused?)
unload_level: 142
destroy_all_blocks: 128 (Unused?)
pre_load_level: 122
waitforfireup: 114
fadein: 112
waitforfiredown: 110
unload_panel: 106
load_panel_bottom: 96 (Unused?)
load_panel_top: 96 (Unused?)
destroy_child_actors: 94 (Unused?)
fadeout: 88
pre_anim5: 86 (Unused?)
waitforfirehit: 86
00_destroy_car: 84
load_music: 78 (Unused?)
load_music_finish: 76
wrap_screen_bottom: 76 (Unused?)
wrap_screen_right: 76 (Unused?)
set_ntsc: 74 (Unused?)
flipscreen: 72 (Unused?)
wrap_screen_left: 72 (Unused?)
wrap_screen_top: 72 (Unused?)
quit: 70 (Unused?)
jump_actor: 66 (Unused?)
load_panel_finish: 66
unload_panel_bottom: 62
unload_panel_top: 62
destroy_all_actors: 60 (Unused?)
destroy_actor: 58
regenerate_screen: 58
AUTOGEN_OUTOFSCREEN_None_00_destroy_car_None_None: 54
destroy_block: 52 (Unused?)
return: 52 (Unused?)
regenerate_screen_wait: 46
freeze_actor: 40 (Unused?)
unfreeze_actor: 40 (Unused?)
block_coll_force: 32 (Unused?)
block_coll_passthru: 32 (Unused?)
clear_block_collision: 32
vm_registers: 26 (Unused?)
debug_breakpoint: 26 (Unused?)
vm_constants_tile_properties: 26 (Unused?)
