=== Image optimisations ===
Reduce width of Anim\r01_boathouseshadow_00x00.png by 15 pixels to 16 to improve blit performance by 200.00%
Reduce width of Anim\r01_playerspin_07x00.png by 2 pixels to 16 to improve blit performance by 200.00%
Reduce width of Anim\r01_playerspin_01x00.png by 2 pixels to 16 to improve blit performance by 200.00%
Reduce width of Anim\r01_playerspin_01x00.png by 2 pixels to 16 to improve blit performance by 200.00%
Reduce width of Anim\r01_playerspin_02x00.png by 4 pixels to 16 to improve blit performance by 200.00%
Reduce width of Anim\r01_playerspin_03x00.png by 2 pixels to 16 to improve blit performance by 200.00%
Reduce width of Anim\r01_playerspin_05x00.png by 2 pixels to 16 to improve blit performance by 200.00%
Reduce width of Anim\r01_playerspin_06x00.png by 4 pixels to 16 to improve blit performance by 200.00%
Reduce width of Anim\r01_playerspin_07x00.png by 2 pixels to 16 to improve blit performance by 200.00%
Reduce width of Anim\ScoreMockup_00x00.png by 14 pixels to 160 to improve blit performance by 100.00%

=== Misc ===
Maps and Asset Bundles Count: 2
Maps and Asset Bundles Data Size: 24
Actor Count: 28
Actor Data Size: 8400
Block Count: 12
Block Data Size: 624
Anim5 Count: 1
Anim5 Data Size: 4
Sound Count: 1
Sound Data Size: 32
Teleporter Count: 7
Teleporter Data Size: 56
Animations Count: 50
Animations Data Size: 800
AnimationFrame Count: 158
AnimationFrame Data Size: 2528
ImageFrames: 108
ImageFrame Data Size: 6912

=== Cartridge section MUSC (size 560308) ===
Music file peter_gnu Original size 78368 Crunched size 56024

=== Cartridge section PANL (size 505628) ===
Panel scorpion_eng_splashscreen Original size 37090 Crunched size 3292
Panel spyhuntertitle Original size 42210 Crunched size 0
Panel status Original size 5042 Crunched size 0

=== Cartridge section MPHD (size 3488) ===
Header data for map spyhunter Original size 9780 Crunched size 342

=== Cartridge section MPDT (size 109628) ===
Tile data for map spyhunter Original size 207812 Crunched size 10956

=== Cartridge section MPBG (size 988) ===
Background for map spyhunter Original size 2672 Crunched size 92

=== Cartridge section MPPX (size 68) ===
Parallax for map spyhunter Original size 0 Crunched size 0

=== Cartridge section ASBD (size 298128) ===
Asset bundle 0 (Core project asset bundle) Original size 48520 Crunched size 12758
Asset bundle 1 (spyhunter) Original size 42880 Crunched size 17042

=== Cartridge section PROJ (size 12168) ===
Project Header Original size 4040 Crunched size 1210

=== Cartridge section PDAT (size 34628) ===
Project Data Original size 19380 Crunched size 3456

=== Cartridge section VMCB (size 34008) ===
Project virtual machine (codeblocks) Original size 13968 Crunched size 3394

=== Cartridge section VMRD (size 108) ===
Project virtual machine redirects Original size 4 Crunched size 4
