=== Image optimisations ===

=== Estimated memory usages ===

For chip:
Map gfx (Panel: scorpion_eng_splashscreen): 35158
Music memory (): 0
BP Buffer memory: 149500
core sfx/gfx memory: 33444
Parallax memory: 0
OS/other estimated: 99328

For other:
Map cache memory: 0
Map header cache memory: 0
Map data memory: 65952
Map background memory: 1756
EXE memory: 209944
vm memory: 8590
project memory: 1702
memory reserved for active actors on screen (32): 4744
memory reserved for dormant actors in map (256): 9216
OS/other estimated: 105472

Accounted memory chip: 422902
Accounted memory other: 301904
Accounted memory total: 724806

=== Misc ===
Maps and Asset Bundles Count: 3
Maps and Asset Bundles Data Size: 36
Actor Count: 4
Actor Data Size: 752
Block Count: 2
Block Data Size: 136
Anim5 Count: 0
Anim5 Data Size: 0
Sound Count: 2
Sound Data Size: 56
Teleporter Count: 1
Teleporter Data Size: 8
Animations Count: 7
Animations Data Size: 112
AnimationFrame Count: 8
AnimationFrame Data Size: 128
ImageFrames: 7
ImageFrame Data Size: 308
Sprites: 3
Sprites Data Size: 42
Attack Data: 1
Attack Data Size: 66
Misc data size: 44
Panel scorpion_eng_splashscreen Original size 35158 Crunched size 3258
Header data for map black Original size 7992 Crunched size 204
Tile data for map black (mem restrictions:None) Original size 14272 Crunched size 484
Background for map black Original size 1736 Crunched size 202
Header data for map level01 Original size 7992 Crunched size 202
Tile data for map level01 (mem restrictions:None) Original size 65952 Crunched size 6746
Background for map level01 Original size 1756 Crunched size 176
Asset bundle 0 (Core project asset bundle) Original size 33444 Crunched size 9476
Asset bundle 1 (black) Original size 2880 Crunched size 506
Asset bundle 2 (level01) Original size 26284 Crunched size 9598
Project Header Original size 4036 Crunched size 1188
Project Data Original size 1702 Crunched size 450
Project virtual machine (codeblocks) Original size 8590 Crunched size 2472
Project virtual machine redirects Original size 4 Crunched size 4

=== Codeblocks by compiled size ===
!startup: 1438
load_level: 948
set_yresolution: 446
do_teleport: 320
flipscreen_smooth: 306 (Unused?)
pre_startup: 290
pause: 252 (Unused?)
flipxymove: 250 (Unused?)
waitforframes: 186
snap_to_screen: 158 (Unused?)
flipymove: 146 (Unused?)
load_panel: 146
pre_quit: 144
flipxmove: 130 (Unused?)
destroy_all_blocks: 120 (Unused?)
load_music: 118 (Unused?)
pre_load_level: 118
unload_level: 114
waitforfireup: 106
waitforfiredown: 102
load_panel_bottom: 96 (Unused?)
load_panel_top: 96 (Unused?)
unload_panel: 92
pre_anim5: 86 (Unused?)
waitforfirehit: 86
fadeout: 84
wrap_screen_bottom: 76 (Unused?)
wrap_screen_right: 76 (Unused?)
wrap_screen_left: 72 (Unused?)
wrap_screen_top: 72 (Unused?)
flipscreen: 70 (Unused?)
quit: 66 (Unused?)
jump_actor: 62 (Unused?)
unload_panel_bottom: 62
unload_panel_top: 62
fadein: 58
00_remove_title: 58
destroy_all_actors: 56 (Unused?)
load_panel_finish: 56
destroy_actor: 54
load_music_finish: 52
regenerate_screen: 52
return: 52 (Unused?)
destroy_block: 48 (Unused?)
regenerate_screen_wait: 42
vm_registers: 26 (Unused?)
vm_constants: 26 (Unused?)
debug_breakpoint: 26 (Unused?)
vm_constants_controlbits: 26 (Unused?)
vm_constants_notes: 26 (Unused?)
vm_constants_platform: 26 (Unused?)
vm_constants_tile_properties: 26 (Unused?)
startup: 26 (Unused?)
