Compiled on 29 October 2025 21:25:09
Version string: SE2025.0.251030.01.30.EX

=== Misc ===
ImageFrames: 85
ImageFrame Data Size: 4080
Maps and Asset Bundles Count: 2
Maps and Asset Bundles Data Size: 0
Actor Count: 17
Actor Data Size: 3060
Block Count: 5
Block Data Size: 340
Anim5 Count: 0
Anim5 Data Size: 0
Sound Count: 4
Sound Data Size: 112
Teleporter Count: 1
Teleporter Data Size: 8
Animations Count: 24
Animations Data Size: 384
AnimationFrame Count: 86
AnimationFrame Data Size: 1376
Sprites: 2
Sprites Data Size: 28
Attack Data: 3
Attack Data Size: 264
Misc data size: 172

=== Cartridge Composition ===
 Header |   Offset | Size     | Crunch    | Detail
   MC01 |      580 |     8252 |  NoCrunch | Music data boss_0111_opt
   MS01 |     8832 |    16624 |  NoCrunch | Music samples boss_0111_opt
   MC02 |    25456 |    18492 |  NoCrunch | Music data fz_hot_snow_0012332_opt
   MS02 |    43948 |    23320 |  NoCrunch | Music samples fz_hot_snow_0012332_opt
   MC03 |    67268 |     7228 |  NoCrunch | Music data fz_store_001_opt
   MS03 |    74496 |    32224 |  NoCrunch | Music samples fz_store_001_opt
   MC04 |   106720 |     9276 |  NoCrunch | Music data keep_da_beat_001231_opt
   MS04 |   115996 |    37256 |  NoCrunch | Music samples keep_da_beat_001231_opt
   MC05 |   153252 |     9276 |  NoCrunch | Music data keep_da_beat_extended_00
   MS05 |   162528 |    37256 |  NoCrunch | Music samples keep_da_beat_extended_00
   MC06 |   199784 |     8252 |  NoCrunch | Music data opa_opa_00133_opt
   MS06 |   208036 |    42398 |  NoCrunch | Music samples opa_opa_00133_opt
   MC07 |   250434 |    16444 |  NoCrunch | Music data prone_001122223_opt
   MS07 |   266878 |    18130 |  NoCrunch | Music samples prone_001122223_opt
   MC08 |   285008 |     7228 |  NoCrunch | Music data saari_00121342_opt
   MS08 |   292236 |    38734 |  NoCrunch | Music samples saari_00121342_opt
   PL05 |   330970 |       76 |   Implode | Panel (background color #F0F)
   PL01 |   331046 |     3380 |   Implode | Panel scorpion_eng_splashscreen
   PL02 |   334426 |     3096 |  NoCrunch | Panel radar
   PC02 |   337522 |     7054 |  NoCrunch | Panel bobs radar
   PL03 |   344576 |     6936 |  NoCrunch | Panel score
   PC03 |   351512 |      856 |  NoCrunch | Panel bobs score
   PL04 |   352368 |     1296 |  NoCrunch | Panel (background)test_copper
   VC00 |   353664 |    12472 |  NoCrunch | Project virtual machine (codeblocks)
   MH01 |   366136 |      848 |  NoCrunch | Header data for map level_01
   MD01 |   366984 |    13356 |  NoCrunch | Tile data for map level_01 (mem restrictions:None)
   AB00 |   380340 |   203824 |  NoCrunch | Asset bundle 0 (Core project asset bundle)
   AB01 |   584164 |   115220 |  NoCrunch | Asset bundle 1 (level_01)
   DB00 |   699384 |        2 |  NoCrunch | Misc Data (paths, hurt boxes etc)
   PH00 |   699386 |     4376 |  NoCrunch | Project Header
   PD00 |   703762 |     9826 |  NoCrunch | Project Data
   VR00 |   713588 |        4 |  NoCrunch | Project virtual machine redirects

=== Data Sizes ===
    Size |   Memory | Crunch | Detail
  203824 |   203824 |        | Asset bundle 0 (Core project asset bundle)
  115220 |   115220 |        | Asset bundle 1 (level_01)
   42398 |    42398 |        | Music samples opa_opa_00133_opt
   38734 |    38734 |        | Music samples saari_00121342_opt
   37256 |    37256 |        | Music samples keep_da_beat_001231_opt
   37256 |    37256 |        | Music samples keep_da_beat_extended_00
   32224 |    32224 |        | Music samples fz_store_001_opt
   23320 |    23320 |        | Music samples fz_hot_snow_0012332_opt
   18492 |    18492 |        | Music data fz_hot_snow_0012332_opt
   18130 |    18130 |        | Music samples prone_001122223_opt
   16624 |    16624 |        | Music samples boss_0111_opt
   16444 |    16444 |        | Music data prone_001122223_opt
   13356 |    13356 |        | Tile data for map level_01 (mem restrictions:None)
   12472 |    12472 |        | Project virtual machine (codeblocks)
    9826 |     9826 |        | Project Data
    9276 |     9276 |        | Music data keep_da_beat_001231_opt
    9276 |     9276 |        | Music data keep_da_beat_extended_00
    8252 |     8252 |        | Music data boss_0111_opt
    8252 |     8252 |        | Music data opa_opa_00133_opt
    7228 |     7228 |        | Music data fz_store_001_opt
    7228 |     7228 |        | Music data saari_00121342_opt
    7054 |     7054 |        | Panel bobs radar
    6936 |     6936 |        | Panel score
    4376 |     4376 |        | Project Header
    3380 |    36784 |  (91%) | Panel scorpion_eng_splashscreen
    3096 |     3096 |        | Panel radar
    1296 |     1296 |        | Panel (background)test_copper
     856 |      856 |        | Panel bobs score
     848 |      848 |        | Header data for map level_01
      76 |     1296 |  (95%) | Panel (background color #F0F)
       4 |        4 |        | Project virtual machine redirects
       2 |        2 |        | Misc Data (paths, hurt boxes etc)

=== Accounted Memory Usage ===
(Note that this isn't a full account of memory usage, just the memory we can account for)

For chip:
Map gfx (level gfx bundle 1): 115220
Music sample (opa_opa_00133_opt): 42398
BP Buffer memory: 136840
Core sfx/gfx memory: 203823
Parallax memory: 0
OS/other estimated: 99328

For other:
Map data memory: 13356
Map background memory: 1296
EXE memory: 216692
vm memory: 12472
project memory: 9826
Music data (fz_hot_snow_0012332_opt): 18492
memory reserved for active actors on screen (128): 20232
memory reserved for dormant actors in map (128): 4608
OS/other estimated: 105472

Accounted memory chip: 616101
Accounted memory other: 383954
Accounted memory total: 1000055

=== Possibly unused animations ===
lvl_01_enemy_01_launch_r

=== Possibly unused sound effects ===
fz_a4

=== Codeblocks by compiled size ===
!startup: 1484
03_destroy_actor: 754
load_level: 634
pre_startup: 500
flipscreen_smooth: 310 (Unused?)
pl_mode_1_f_autogen_attack: 304
do_teleport: 300
flipxymove: 278 (Unused?)
load_next_level: 268 (Unused?)
02_lvl_01_nme_01_spawn: 266
04_move_logo: 262
03_player_handler: 224
block_find: 210 (Unused?)
03_carrier_spawn: 206
set_yresolution: 202
03_follow_player: 198 (Unused?)
waitforframes: 194
check_talkpad: 192 (Unused?)
pause: 184
block_count: 178 (Unused?)
04_spawn_logo: 176
flipymove: 162 (Unused?)
snap_to_screen: 162
pre_quit: 160
flipxmove: 142 (Unused?)
restart_this_level: 136 (Unused?)
load_panel: 134
AUTOGEN_OUTOFSCREEN_04_do_nothing_04_do_nothing_04_do_nothing_04_do_nothing: 130
destroy_all_blocks: 128 (Unused?)
unload_level: 118
03_face_player: 110
fadein: 108
waitforfireup: 106
unload_panel: 102
waitforfiredown: 102
load_panel_bottom: 96 (Unused?)
load_panel_top: 96 (Unused?)
destroy_child_actors: 94 (Unused?)
pre_load_level: 86
waitforfirehit: 86
load_music: 78
AUTOGEN_OUTOFSCREEN_None_None_snap_to_screen_snap_to_screen: 78
fadeout: 76
load_music_finish: 76
wrap_screen_bottom: 76 (Unused?)
wrap_screen_right: 76 (Unused?)
set_ntsc: 74 (Unused?)
flipscreen: 72 (Unused?)
wrap_screen_left: 72 (Unused?)
wrap_screen_top: 72 (Unused?)
jump_actor: 66 (Unused?)
02_lvl_01_carrier_spawn: 66
autogen_fz_logo_full_anim_1: 62
destroy_all_actors: 60 (Unused?)
quit: 60 (Unused?)
destroy_actor: 58
02_lvl_01_nme_01_change: 58
destroy_block: 52 (Unused?)
return: 52 (Unused?)
load_panel_finish: 50
unload_panel_bottom: 50
unload_panel_top: 50
freeze_actor: 40 (Unused?)
unfreeze_actor: 40 (Unused?)
autogen_explosion_type_02_5: 38
autogen_lvl_01_base_anim_c_3: 38
block_coll_force: 32 (Unused?)
block_coll_passthru: 32
debug_breakpoint: 26 (Unused?)
hardware_amiga: 26 (Unused?)
vm_constants_tile_properties: 26 (Unused?)
03_level_control: 26
