=== Image optimisations ===
Reduce width of Sprites\dd.png by 6 pixels to 16 to improve blit performance by 200.00%
Reduce width of Sprites\dd.png by 6 pixels to 16 to reduce sprites by 2

=== Misc ===
Actor Count: 2
Actor Data Size: 584
Block Count: 1
Block Data Size: 52
Anim5 Count: 1
Anim5 Data Size: 4
Sound Count: 1
Sound Data Size: 16
Teleporter Count: 1
Teleporter Data Size: 8
Animations Count: 2
Animations Data Size: 32
AnimationFrame Count: 3
AnimationFrame Data Size: 204
Crunching Panel scorpion_eng_splashscreen as 0.img. Original size: 37106. Crunched size: 3312
Crunching Panel statusbar as 1.img. Original size: 9250. Crunched size: 962
Crunching Panel titlescreen as 2.img. Original size: 28386. Crunched size: 8170
Crunching Project virtual machine (codeblocks) as project.vm. Original size: 4970. Crunched size: 1648
Crunching Header data for map sector1 as 1.mhd. Original size: 11556. Crunched size: 288
Crunching Data for map sector1 as 1.map. Original size: 40840. Crunched size: 2826
Crunching Header data for map sector5surface as 2.mhd. Original size: 11556. Crunched size: 286
Crunching Data for map sector5surface as 2.map. Original size: 5310. Crunched size: 914
Crunching Asset bundle 0 as 0.gfx. Original size: 1504. Crunched size: 554
Crunching Asset bundle 1 as 1.gfx. Original size: 38016. Crunched size: 5562
Crunching Asset bundle 2 as 2.gfx. Original size: 16128. Crunched size: 1936
Crunching Project data as project.dat. Original size: 912. Crunched size: 190
Crunching Scorpion header as project.hd. Original size: 3004. Crunched size: 1174

Estimated memory usages:

For chip:
Map gfx (level gfx bundle 1 ): 38016
Music memory: 0
BP Buffer memory: 61440
core sfx/gfx memory: 1504

For other:
Map cache memory: 0
Map header cache memory: 0
Map data memory: 40840
EXE memory: 191928
vm memory: 4970
project memory: 912

Accounted memory chip: 100960
Accounted memory other: 238650
Accounted memory total: 339610
