Compiled on 08 July 2024 15:16:34
Version string: SE2024.1.240610.22.56.EX

=== Misc ===
ImageFrames: 107
ImageFrame Data Size: 4708
Maps and Asset Bundles Count: 2
Maps and Asset Bundles Data Size: 24
Actor Count: 28
Actor Data Size: 5264
Movement Pattern Data: 2
Block Count: 12
Block Data Size: 816
Anim5 Count: 0
Anim5 Data Size: 0
Sound Count: 1
Sound Data Size: 28
Teleporter Count: 7
Teleporter Data Size: 56
Animations Count: 50
Animations Data Size: 800
AnimationFrame Count: 158
AnimationFrame Data Size: 2528
Sprites: 1
Sprites Data Size: 14
Attack Data: 2
Attack Data Size: 148
Misc data size: 14
=== Image optimisations ===
Music file peter_gnu Original size 78368 Crunched size 56024
Movement patterns Original size 2 Crunched size 2
Panel scorpion_eng_splashscreen Original size 55172 Crunched size 3460
Panel spyhuntertitle Original size 41072 Crunched size 10294
Panel status Original size 3806 Crunched size 450
Project virtual machine (codeblocks) Original size 15506 Crunched size 4152
Header data for map spyhunter Original size 8000 Crunched size 294
Tile data for map spyhunter (mem restrictions:None) Original size 174298 Crunched size 10634
Background for map spyhunter Original size 1396 Crunched size 80
Asset bundle 0 (Core project asset bundle) Original size 46282 Crunched size 12006
Asset bundle 1 (spyhunter) Original size 41784 Crunched size 14906
Project Header Original size 4036 Crunched size 1212
Project Data Original size 14402 Crunched size 3160
Project virtual machine redirects Original size 4 Crunched size 4

=== Accounted Memory Usage ===
(Note that this isn't a full account of memory usage, just the memory we can account for)

For chip:
Map gfx (Panel: scorpion_eng_splashscreen): 55172
Music memory (peter_gnu): 78368
BP Buffer memory: 110960
core sfx/gfx memory: 46282
Parallax memory: 0
OS/other estimated: 99328

For other:
Map cache memory: 0
Map header cache memory: 0
Map data memory: 174298
Map background memory: 1396
EXE memory: 214976
vm memory: 15506
project memory: 14402
memory reserved for active actors on screen (32): 4744
memory reserved for dormant actors in map (256): 9216
OS/other estimated: 105472

Accounted memory chip: 390110
Accounted memory other: 540010
Accounted memory total: 930120

=== Possibly unused animations ===
herocarmissle
herocarpulloffleft
heromachgun
truckmissle
truckoil
trucksmoke

=== Possibly unused blocks ===
concrete
toboat
tocar

=== Possibly unused Actors ===
boathouseshadow
enforcerdumb
playerboatdumb
playercarspin
playergun
playergunfire
rotors
truckdropoff

=== Codeblocks by compiled size ===
20_logicenforcer: 1112 (Unused?)
20_logicswitchblade: 1044 (Unused?)
01_autodrive: 916
01_spawncars: 794
load_level: 568
01_herocontrol: 502 (Unused?)
01_vehicleswitch: 474
do_teleport: 424
01_startup: 358
flipscreen_smooth: 310 (Unused?)
01_intro: 280
flipxymove: 278 (Unused?)
block_find: 206 (Unused?)
pre_startup: 204
set_yresolution: 202
waitforframes: 194
check_talkpad: 192 (Unused?)
01_createrandomdata: 190 (Unused?)
block_count: 178 (Unused?)
01_snap_to_screen: 178
pause: 176 (Unused?)
01_herocarcrash: 174
flipymove: 162 (Unused?)
snap_to_screen: 158 (Unused?)
pre_quit: 152
99_riverend: 150
load_panel: 146
flipxmove: 142 (Unused?)
unload_level: 142
99_loopstart: 134
AUTOGEN_OUTOFSCREEN_01_killactor_01_killactor_01_killactor_01_leavescreen: 130
AUTOGEN_OUTOFSCREEN_01_killactor_01_killactor_01_killactor_01_killactor: 130
01_showscore: 130
destroy_all_blocks: 128 (Unused?)
pre_load_level: 122
waitforfireup: 114
99_riverstart: 114
fadein: 112
waitforfiredown: 110
unload_panel: 106
01_toggledebug: 106
load_panel_bottom: 96 (Unused?)
load_panel_top: 96
destroy_child_actors: 94 (Unused?)
autogen_swtcbldsleft_0: 90
fadeout: 88
autogen_swtcbldsleft_1: 88
autogen_swtcbldsright_0: 88
pre_anim5: 86 (Unused?)
waitforfirehit: 86
autogen_swtcbldsright_1: 86
01_leavescreen: 84
load_music: 78
AUTOGEN_OUTOFSCREEN_01_snap_to_screen_01_snap_to_screen_None_None: 78
load_music_finish: 76
wrap_screen_bottom: 76 (Unused?)
wrap_screen_right: 76 (Unused?)
set_ntsc: 74 (Unused?)
flipscreen: 72 (Unused?)
wrap_screen_left: 72 (Unused?)
wrap_screen_top: 72 (Unused?)
quit: 70 (Unused?)
jump_actor: 66 (Unused?)
load_panel_finish: 66
50_switchblades: 66
unload_panel_bottom: 62
unload_panel_top: 62
50_playerbullet: 62 (Unused?)
50_playerlaser: 62
destroy_all_actors: 60 (Unused?)
destroy_actor: 58
regenerate_screen: 58
01_boathousereset: 58
01_killactor: 58
AUTOGEN_OUTOFSCREEN_None_None_None_01_killactor: 54
destroy_block: 52 (Unused?)
return: 52 (Unused?)
AUTOGEN_OUTOFSCREEN_None_None_01_killactor_None: 50
regenerate_screen_wait: 46
98_explosion01_spawn: 46
98_smoke01_spawn: 46
freeze_actor: 40 (Unused?)
unfreeze_actor: 40 (Unused?)
autogen_expl01_6: 38
autogen_expl01_21: 38
autogen_herocarcrash_1: 38
autogen_herocarcrash_2: 38
autogen_herolaser_3: 38
block_coll_force: 32 (Unused?)
block_coll_passthru: 32 (Unused?)
clear_block_collision: 32
vm_registers: 26 (Unused?)
debug_breakpoint: 26 (Unused?)
vm_constants_tile_properties: 26 (Unused?)
