=== Image optimisations ===
Reduce width of Anims\MainChar_test_00x00.png by 8 pixels to 32 to improve blit performance by 100.00%
Reduce width of Anims\Red_Sports_Car_00x00.png by 13 pixels to 176 to improve blit performance by 100.00%

=== Misc ===
Actor Count: 9
Actor Data Size: 2664
Block Count: 2
Block Data Size: 104
Anim5 Count: 1
Anim5 Data Size: 4
Sound Count: 1
Sound Data Size: 32
Teleporter Count: 1
Teleporter Data Size: 8
Animations Count: 9
Animations Data Size: 144
AnimationFrame Count: 16
AnimationFrame Data Size: 256
ImageFrames: BlitzTool.BlitzWord
ImageFrame Data Size: 1088
Crunching Panel scorpion_eng_splashscreen as 0.img. Original size: 37106. Crunched size: 3308
Saving Project virtual machine (codeblocks) as project.vm. Original size: 6656
Saving Project virtual machine redirects as project.rd. Original size: 4
Saving Header data for map highway_01 as 1.mhd. Original size: 9788
Saving Data for map highway_01 as 1.map. Original size: 30308
Saving Background for map highway_01 as 1.bg. Original size: 2672
Saving Parallax for map highway_01 as 1.plx. Original size: 1800
Saving Asset bundle 0 as 0.gfx. Original size: 35728
Saving Asset bundle 1 as 1.gfx. Original size: 47680
Saving Project data as project.dat. Original size: 4300
Saving Scorpion header as project.hd. Original size: 4036

Estimated memory usages:

For chip:
Map gfx (level gfx bundle 1 ): 47680
Music memory: 0
BP Buffer memory: 115200
core sfx/gfx memory: 35728
Parallax memory: 1800

For other:
Map cache memory: 0
Map header cache memory: 0
Map data memory: 30308
Map background memory: 2672
EXE memory: 194920
vm memory: 6656
project memory: 4300

Accounted memory chip: 200408
Accounted memory other: 238856
Accounted memory total: 439264
